#
# A fatal error has been detected by the Java Runtime Environment:
#
#  EXCEPTION_ACCESS_VIOLATION (0xc0000005) at pc=0x00007ff9dffef8ed, pid=4512, tid=6868
#
# JRE version: OpenJDK Runtime Environment Corretto-11.0.13.8.1 (11.0.13+8) (build 11.0.13+8-LTS)
# Java VM: OpenJDK 64-Bit Server VM Corretto-11.0.13.8.1 (11.0.13+8-LTS, mixed mode, tiered, compressed oops, g1 gc, windows-amd64)
# Problematic frame:
# V  [jvm.dll+0x2df8ed]
#
# No core dump will be written. Minidumps are not enabled by default on client versions of Windows
#
# If you would like to submit a bug report, please visit:
#   https://github.com/corretto/corretto-11/issues/
#

---------------  S U M M A R Y ------------

Command Line: --add-opens=java.base/java.util=ALL-UNNAMED --add-opens=java.base/java.lang=ALL-UNNAMED --add-opens=java.base/java.lang.invoke=ALL-UNNAMED --add-opens=java.base/java.util=ALL-UNNAMED --add-opens=java.prefs/java.util.prefs=ALL-UNNAMED --add-opens=java.prefs/java.util.prefs=ALL-UNNAMED --add-opens=java.base/java.nio.charset=ALL-UNNAMED --add-opens=java.base/java.net=ALL-UNNAMED --add-opens=java.base/java.util.concurrent.atomic=ALL-UNNAMED -XX:MaxMetaspaceSize=256m -XX:+HeapDumpOnOutOfMemoryError -Xms256m -Xmx512m -Dfile.encoding=windows-1252 -Duser.country=BR -Duser.language=pt -Duser.variant org.gradle.launcher.daemon.bootstrap.GradleDaemon 7.4

Host: Intel(R) Core(TM) i5 CPU         760  @ 2.80GHz, 4 cores, 7G,  Windows 10 , 64 bit Build 19041 (10.0.19041.1566)
Time: Tue Mar  8 21:15:42 2022 Hora oficial do Brasil elapsed time: 2658.959540 seconds (0d 0h 44m 18s)

---------------  T H R E A D  ---------------

Current thread (0x0000016c93c2c000):  GCTaskThread "GC Thread#1" [stack: 0x00000067c3800000,0x00000067c3900000] [id=6868]

Stack: [0x00000067c3800000,0x00000067c3900000],  sp=0x00000067c38ff290,  free space=1020k
Native frames: (J=compiled Java code, j=interpreted, Vv=VM code, C=native code)
V  [jvm.dll+0x2df8ed]
V  [jvm.dll+0x306c98]
V  [jvm.dll+0x314a7e]
V  [jvm.dll+0x314945]
V  [jvm.dll+0x31378c]
V  [jvm.dll+0x2e9b0f]
V  [jvm.dll+0x313bb2]
V  [jvm.dll+0x2e84d9]
V  [jvm.dll+0x7d9d90]
V  [jvm.dll+0x765274]
V  [jvm.dll+0x61bb46]
C  [ucrtbase.dll+0x21bb2]
C  [KERNEL32.DLL+0x17034]
C  [ntdll.dll+0x52651]


siginfo: EXCEPTION_ACCESS_VIOLATION (0xc0000005), reading address 0x00000000000000f8


Register to memory mapping:

RIP=0x00007ff9dffef8ed jvm.dll
RAX=0x0000016cf7775500 points into unknown readable memory: 0x0000000000000000 | 00 00 00 00 00 00 00 00
RBX=0x0000016c9974ce00 points into unknown readable memory: 0x00007ff9e05c6f88 | 88 6f 5c e0 f9 7f 00 00
RCX=0x0000000000000014 is an unknown value
RDX=0x0 is NULL
RSP=0x00000067c38ff290 points into unknown readable memory: 0x0000016cf7775460 | 60 54 77 f7 6c 01 00 00
RBP=0x00000000e6a46600 is pointing into object: [Ljava.util.HashMap$Node; 
{0x00000000e6a45090} - klass: 'java/util/HashMap$Node'[]
 - length: 4096
RSI=0x0000016c9974ce00 points into unknown readable memory: 0x00007ff9e05c6f88 | 88 6f 5c e0 f9 7f 00 00
RDI=0x0000016cf77753e0 points into unknown readable memory: 0x0000000000003696 | 96 36 00 00 00 00 00 00
R8 =0x00000000e6a46314 is pointing into object: [Ljava.util.HashMap$Node; 
{0x00000000e6a45090} - klass: 'java/util/HashMap$Node'[]
 - length: 4096
R9 =0x0 is NULL
R10=0x00000000e2965dc0 is pointing into object: java.util.HashMap$Node 
{0x00000000e2965db0} - klass: 'java/util/HashMap$Node'
R11=0x0000016c9974cf70 points into unknown readable memory: 0x00007ff9e05c6f40 | 40 6f 5c e0 f9 7f 00 00
R12=0x0 is NULL
R13=0x000000000000006a is an unknown value
R14=0x0000016cf7775460 points into unknown readable memory: 0x0000235200003696 | 96 36 00 00 52 23 00 00
R15=0x0000000000000040 is an unknown value


Registers:
RAX=0x0000016cf7775500, RBX=0x0000016c9974ce00, RCX=0x0000000000000014, RDX=0x0000000000000000
RSP=0x00000067c38ff290, RBP=0x00000000e6a46600, RSI=0x0000016c9974ce00, RDI=0x0000016cf77753e0
R8 =0x00000000e6a46314, R9 =0x0000000000000000, R10=0x00000000e2965dc0, R11=0x0000016c9974cf70
R12=0x0000000000000000, R13=0x000000000000006a, R14=0x0000016cf7775460, R15=0x0000000000000040
RIP=0x00007ff9dffef8ed, EFLAGS=0x0000000000010246

Top of Stack: (sp=0x00000067c38ff290)
0x00000067c38ff290:   0000016cf7775460 000000000000006a
0x00000067c38ff2a0:   0000000000000000 0000016cf77753e0
0x00000067c38ff2b0:   00000000e6a46314 00007ff9e0016c98
0x00000067c38ff2c0:   0000016cf77e5710 00007ff9dffef7c4
0x00000067c38ff2d0:   0000000000000005 00000000e6a46324
0x00000067c38ff2e0:   0000000000000000 00000000e6a46315
0x00000067c38ff2f0:   00000067c38ff380 00007ff9e00217db
0x00000067c38ff300:   00000000e6a4673c 0000016cf77e4810
0x00000067c38ff310:   00000000e6a46600 0000016cf7773810
0x00000067c38ff320:   0000000000000040 0000000000000040
0x00000067c38ff330:   0000000000000000 000000000000013f
0x00000067c38ff340:   0000016c9974ce00 00007ff9e0024a7e
0x00000067c38ff350:   00000000e8209210 0000016c990cb550
0x00000067c38ff360:   00000000e6a46600 0000000000000040
0x00000067c38ff370:   0000000630da3e57 000006c1135a74ad
0x00000067c38ff380:   0000000630da3e57 000006c1135a74ad 

Instructions: (pc=0x00007ff9dffef8ed)
0x00007ff9dffef7ed:   48 ff 47 20 48 8b 5c 24 30 48 83 c4 20 5f c3 cc
0x00007ff9dffef7fd:   cc cc cc 48 89 5c 24 08 57 48 83 ec 20 48 8b 41
0x00007ff9dffef80d:   18 48 8b fa 48 8b 58 10 48 8b cb e8 c3 7c 00 00
0x00007ff9dffef81d:   84 c0 75 29 48 81 c3 90 00 00 00 48 8b 4b 20 48
0x00007ff9dffef82d:   3b 4b 08 75 0c 48 8b cb e8 76 09 f6 ff 48 8b 4b
0x00007ff9dffef83d:   20 48 8b 43 38 48 89 3c c8 48 ff 43 20 48 8b 5c
0x00007ff9dffef84d:   24 30 48 83 c4 20 5f c3 cc cc cc cc cc cc cc cc
0x00007ff9dffef85d:   cc cc cc 48 89 5c 24 08 57 48 83 ec 20 48 8b 79
0x00007ff9dffef86d:   10 48 8b da 48 83 cb 01 48 8b cf 48 8b d3 e8 60
0x00007ff9dffef87d:   7c 00 00 84 c0 75 29 48 81 c7 90 00 00 00 48 8b
0x00007ff9dffef88d:   4f 20 48 3b 4f 08 75 0c 48 8b cf e8 13 09 f6 ff
0x00007ff9dffef89d:   48 8b 4f 20 48 8b 47 38 48 89 1c c8 48 ff 47 20
0x00007ff9dffef8ad:   48 8b 5c 24 30 48 83 c4 20 5f c3 cc cc cc cc cc
0x00007ff9dffef8bd:   cc cc cc 40 53 48 83 ec 20 8b 82 04 01 00 00 48
0x00007ff9dffef8cd:   8b d9 d1 e8 a8 01 75 6b 48 8b 41 08 8b 88 c0 02
0x00007ff9dffef8dd:   00 00 48 8b 80 b0 02 00 00 49 d3 e9 4a 8b 14 c8
0x00007ff9dffef8ed:   48 8b 82 f8 00 00 00 83 b8 18 01 00 00 00 74 43
0x00007ff9dffef8fd:   48 8b 4b 50 48 89 7c 24 30 49 c1 e8 09 48 8b 79
0x00007ff9dffef90d:   48 48 2b 79 40 49 03 f8 48 8b d7 e8 d3 ca ff ff
0x00007ff9dffef91d:   84 c0 74 1a 80 7b 28 00 48 8d 4b 18 74 10 48 8b
0x00007ff9dffef92d:   43 50 48 8b 50 40 48 03 d7 e8 75 74 38 00 48 8b
0x00007ff9dffef93d:   7c 24 30 48 83 c4 20 5b c3 cc cc cc cc cc cc cc
0x00007ff9dffef94d:   cc cc cc 40 53 48 83 ec 50 48 89 74 24 68 48 8b
0x00007ff9dffef95d:   d9 48 89 7c 24 70 48 8b fa 4c 89 6c 24 40 4c 89
0x00007ff9dffef96d:   74 24 38 e8 9b 62 f1 ff 48 8d 05 e4 15 5d 00 48
0x00007ff9dffef97d:   89 7b 58 45 33 ed 48 89 03 48 8d 4b 68 4c 89 6b
0x00007ff9dffef98d:   48 4c 89 6b 60 e8 39 0c 41 00 48 8d 4b 78 4c 8d
0x00007ff9dffef99d:   05 96 92 5b 00 48 8d 15 4f 1f 5d 00 e8 02 0e 2e
0x00007ff9dffef9ad:   00 48 8d 8b 40 01 00 00 4c 8d 05 8c 92 5b 00 48
0x00007ff9dffef9bd:   8d 15 4d 1f 5d 00 e8 e8 0d 2e 00 41 8d 55 05 4c
0x00007ff9dffef9cd:   89 ab 08 02 00 00 45 33 c0 4c 89 ab 10 02 00 00
0x00007ff9dffef9dd:   4c 89 ab 18 02 00 00 8d 4a 03 e8 24 9b dd ff 48 


Stack slot to memory mapping:
stack at sp + 0 slots: 0x0000016cf7775460 points into unknown readable memory: 0x0000235200003696 | 96 36 00 00 52 23 00 00
stack at sp + 1 slots: 0x000000000000006a is an unknown value
stack at sp + 2 slots: 0x0 is NULL
stack at sp + 3 slots: 0x0000016cf77753e0 points into unknown readable memory: 0x0000000000003696 | 96 36 00 00 00 00 00 00
stack at sp + 4 slots: 0x00000000e6a46314 is pointing into object: [Ljava.util.HashMap$Node; 
{0x00000000e6a45090} - klass: 'java/util/HashMap$Node'[]
 - length: 4096
stack at sp + 5 slots: 0x00007ff9e0016c98 jvm.dll
stack at sp + 6 slots: 0x0000016cf77e5710 points into unknown readable memory: 0x00007ff9e05ce970 | 70 e9 5c e0 f9 7f 00 00
stack at sp + 7 slots: 0x00007ff9dffef7c4 jvm.dll


---------------  P R O C E S S  ---------------

Threads class SMR info:
_java_thread_list=0x0000016c98a089c0, length=84, elements={
0x0000016cf775b800, 0x0000016c92e33800, 0x0000016c92e3c800, 0x0000016c92e53800,
0x0000016c92e54000, 0x0000016c92e57000, 0x0000016c92e5d800, 0x0000016c92e61800,
0x0000016c92e63800, 0x0000016c93936000, 0x0000016c960ca800, 0x0000016c960c8800,
0x0000016c960ca000, 0x0000016c95df0000, 0x0000016c95dec800, 0x0000016c95ded800,
0x0000016c95dee000, 0x0000016c95df0800, 0x0000016c95df2000, 0x0000016c95df9000,
0x0000016c95df5800, 0x0000016c95df6800, 0x0000016c95df8000, 0x0000016c95df3000,
0x0000016c9ac14800, 0x0000016c99e46000, 0x0000016c95df1800, 0x0000016c95def000,
0x0000016c95deb800, 0x0000016c95df9800, 0x0000016c95df4000, 0x0000016c95df4800,
0x0000016c95dfa800, 0x0000016c99e43800, 0x0000016c99e42000, 0x0000016c99e42800,
0x0000016c99e40000, 0x0000016c99e47000, 0x0000016c99e41000, 0x0000016c99e47800,
0x0000016c99e48800, 0x0000016c99e49000, 0x0000016c99e4a000, 0x0000016c99e44800,
0x0000016c99e45000, 0x0000016c99e4f000, 0x0000016c99e4b000, 0x0000016c99e4d800,
0x0000016c99e4b800, 0x0000016c99e4c800, 0x0000016c99e4e000, 0x0000016c94d46800,
0x0000016c94d45800, 0x0000016c94d49800, 0x0000016c94d4a800, 0x0000016c94d48000,
0x0000016c94d4b800, 0x0000016c94d49000, 0x0000016c94d4d000, 0x0000016c94d4c000,
0x0000016c94d47800, 0x0000016c94d51000, 0x0000016c94d4e000, 0x0000016c94d54800,
0x0000016c94d4e800, 0x0000016c94d52800, 0x0000016c94d52000, 0x0000016c94d4f800,
0x0000016c94d50000, 0x0000016c9ac1b000, 0x0000016c9ac17000, 0x0000016c9ac15000,
0x0000016c9ac1c000, 0x0000016c9ac16000, 0x0000016c9ac1c800, 0x0000016c9ac18800,
0x0000016c9ac1d800, 0x0000016c9ac17800, 0x0000016c9ac1e000, 0x0000016c9ac19800,
0x0000016c9ac1f000, 0x0000016c9ac20000, 0x0000016c9ac1a000, 0x0000016c9ac20800
}

Java Threads: ( => current thread )
  0x0000016cf775b800 JavaThread "main" [_thread_blocked, id=9544, stack(0x00000067c2600000,0x00000067c2700000)]
  0x0000016c92e33800 JavaThread "Reference Handler" daemon [_thread_blocked, id=11104, stack(0x00000067c2d00000,0x00000067c2e00000)]
  0x0000016c92e3c800 JavaThread "Finalizer" daemon [_thread_blocked, id=1508, stack(0x00000067c2e00000,0x00000067c2f00000)]
  0x0000016c92e53800 JavaThread "Signal Dispatcher" daemon [_thread_blocked, id=4560, stack(0x00000067c2f00000,0x00000067c3000000)]
  0x0000016c92e54000 JavaThread "Attach Listener" daemon [_thread_blocked, id=11036, stack(0x00000067c3000000,0x00000067c3100000)]
  0x0000016c92e57000 JavaThread "Service Thread" daemon [_thread_blocked, id=9872, stack(0x00000067c3100000,0x00000067c3200000)]
  0x0000016c92e5d800 JavaThread "C2 CompilerThread0" daemon [_thread_blocked, id=4636, stack(0x00000067c3200000,0x00000067c3300000)]
  0x0000016c92e61800 JavaThread "C1 CompilerThread0" daemon [_thread_blocked, id=9668, stack(0x00000067c3300000,0x00000067c3400000)]
  0x0000016c92e63800 JavaThread "Sweeper thread" daemon [_thread_blocked, id=1700, stack(0x00000067c3400000,0x00000067c3500000)]
  0x0000016c93936000 JavaThread "Common-Cleaner" daemon [_thread_blocked, id=2092, stack(0x00000067c3500000,0x00000067c3600000)]
  0x0000016c960ca800 JavaThread "Daemon health stats" [_thread_blocked, id=6088, stack(0x00000067c3b00000,0x00000067c3c00000)]
  0x0000016c960c8800 JavaThread "Incoming local TCP Connector on port 62890" [_thread_in_native, id=9532, stack(0x00000067c3c00000,0x00000067c3d00000)]
  0x0000016c960ca000 JavaThread "Daemon periodic checks" [_thread_blocked, id=1232, stack(0x00000067c3d00000,0x00000067c3e00000)]
  0x0000016c95df0000 JavaThread "Cache worker for journal cache (C:\Users\bruno\.gradle\caches\journal-1)" [_thread_blocked, id=11204, stack(0x00000067c4500000,0x00000067c4600000)]
  0x0000016c95dec800 JavaThread "File lock request listener" [_thread_in_native, id=8288, stack(0x00000067c4600000,0x00000067c4700000)]
  0x0000016c95ded800 JavaThread "Cache worker for file hash cache (C:\Users\bruno\.gradle\caches\7.4\fileHashes)" [_thread_blocked, id=6140, stack(0x00000067c4700000,0x00000067c4800000)]
  0x0000016c95dee000 JavaThread "File watcher server" daemon [_thread_blocked, id=4372, stack(0x00000067c4800000,0x00000067c4900000)]
  0x0000016c95df0800 JavaThread "File watcher consumer" daemon [_thread_blocked, id=1484, stack(0x00000067c4900000,0x00000067c4a00000)]
  0x0000016c95df2000 JavaThread "Cache worker for execution history cache (C:\Users\bruno\.gradle\caches\7.4\executionHistory)" [_thread_blocked, id=6576, stack(0x00000067c4e00000,0x00000067c4f00000)]
  0x0000016c95df9000 JavaThread "jar transforms" [_thread_blocked, id=4136, stack(0x00000067c4f00000,0x00000067c5000000)]
  0x0000016c95df5800 JavaThread "jar transforms Thread 2" [_thread_blocked, id=10124, stack(0x00000067c5000000,0x00000067c5100000)]
  0x0000016c95df6800 JavaThread "Cache worker for file content cache (C:\Users\bruno\.gradle\caches\7.4\fileContent)" [_thread_blocked, id=10456, stack(0x00000067c5100000,0x00000067c5200000)]
  0x0000016c95df8000 JavaThread "jar transforms Thread 3" [_thread_blocked, id=9588, stack(0x00000067c5200000,0x00000067c5300000)]
  0x0000016c95df3000 JavaThread "jar transforms Thread 4" [_thread_blocked, id=7152, stack(0x00000067c5300000,0x00000067c5400000)]
  0x0000016c9ac14800 JavaThread "Memory manager" [_thread_blocked, id=5524, stack(0x00000067c6900000,0x00000067c6a00000)]
  0x0000016c99e46000 JavaThread "Cache worker for Java compile cache (C:\Users\bruno\.gradle\caches\7.4\javaCompile)" [_thread_blocked, id=7540, stack(0x00000067c8400000,0x00000067c8500000)]
  0x0000016c95df1800 JavaThread "Daemon Thread 10" [_thread_blocked, id=9776, stack(0x00000067c2300000,0x00000067c2400000)]
  0x0000016c95def000 JavaThread "Handler for socket connection from /127.0.0.1:62890 to /127.0.0.1:63622" [_thread_in_native, id=7920, stack(0x00000067c2400000,0x00000067c2500000)]
  0x0000016c95deb800 JavaThread "Cancel handler" [_thread_blocked, id=1132, stack(0x00000067c2500000,0x00000067c2600000)]
  0x0000016c95df9800 JavaThread "Daemon worker Thread 7" [_thread_blocked, id=2644, stack(0x00000067c3700000,0x00000067c3800000)]
  0x0000016c95df4000 JavaThread "Asynchronous log dispatcher for DefaultDaemonConnection: socket connection from /127.0.0.1:62890 to /127.0.0.1:63622" [_thread_blocked, id=3612, stack(0x00000067c3e00000,0x00000067c3f00000)]
  0x0000016c95df4800 JavaThread "Stdin handler" [_thread_blocked, id=10924, stack(0x00000067c3f00000,0x00000067c4000000)]
  0x0000016c95dfa800 JavaThread "Daemon client event forwarder" [_thread_blocked, id=2656, stack(0x00000067c4000000,0x00000067c4100000)]
  0x0000016c99e43800 JavaThread "Cache worker for checksums cache (D:\WorkPlace\Let´s Code\Back\Modulo 3\projeto-final\.gradle\7.4\checksums)" [_thread_blocked, id=7824, stack(0x00000067c4100000,0x00000067c4200000)]
  0x0000016c99e42000 JavaThread "Cache worker for cache directory md-rule (C:\Users\bruno\.gradle\caches\7.4\md-rule)" [_thread_blocked, id=4120, stack(0x00000067c4200000,0x00000067c4300000)]
  0x0000016c99e42800 JavaThread "Cache worker for file hash cache (D:\WorkPlace\Let´s Code\Back\Modulo 3\projeto-final\.gradle\7.4\fileHashes)" [_thread_blocked, id=3332, stack(0x00000067c4300000,0x00000067c4400000)]
  0x0000016c99e40000 JavaThread "Cache worker for cache directory md-supplier (C:\Users\bruno\.gradle\caches\7.4\md-supplier)" [_thread_blocked, id=7780, stack(0x00000067c4400000,0x00000067c4500000)]
  0x0000016c99e47000 JavaThread "Cache worker for dependencies-accessors (D:\WorkPlace\Let´s Code\Back\Modulo 3\projeto-final\.gradle\7.4\dependencies-accessors)" [_thread_blocked, id=6828, stack(0x00000067c4a00000,0x00000067c4b00000)]
  0x0000016c99e41000 JavaThread "Cache worker for Build Output Cleanup Cache (D:\WorkPlace\Let´s Code\Back\Modulo 3\projeto-final\.gradle\buildOutputCleanup)" [_thread_blocked, id=6056, stack(0x00000067c4b00000,0x00000067c4c00000)]
  0x0000016c99e47800 JavaThread "Unconstrained build operations" [_thread_blocked, id=1152, stack(0x00000067c4c00000,0x00000067c4d00000)]
  0x0000016c99e48800 JavaThread "Unconstrained build operations Thread 2" [_thread_blocked, id=11228, stack(0x00000067c4d00000,0x00000067c4e00000)]
  0x0000016c99e49000 JavaThread "Unconstrained build operations Thread 3" [_thread_blocked, id=10688, stack(0x00000067c5400000,0x00000067c5500000)]
  0x0000016c99e4a000 JavaThread "Unconstrained build operations Thread 4" [_thread_blocked, id=9752, stack(0x00000067c5500000,0x00000067c5600000)]
  0x0000016c99e44800 JavaThread "Unconstrained build operations Thread 5" [_thread_blocked, id=5676, stack(0x00000067c5600000,0x00000067c5700000)]
  0x0000016c99e45000 JavaThread "Unconstrained build operations Thread 6" [_thread_blocked, id=8376, stack(0x00000067c5700000,0x00000067c5800000)]
  0x0000016c99e4f000 JavaThread "Unconstrained build operations Thread 7" [_thread_blocked, id=10320, stack(0x00000067c5800000,0x00000067c5900000)]
  0x0000016c99e4b000 JavaThread "Unconstrained build operations Thread 8" [_thread_blocked, id=6732, stack(0x00000067c5900000,0x00000067c5a00000)]
  0x0000016c99e4d800 JavaThread "Unconstrained build operations Thread 9" [_thread_blocked, id=5496, stack(0x00000067c5a00000,0x00000067c5b00000)]
  0x0000016c99e4b800 JavaThread "Unconstrained build operations Thread 10" [_thread_blocked, id=8872, stack(0x00000067c5b00000,0x00000067c5c00000)]
  0x0000016c99e4c800 JavaThread "Unconstrained build operations Thread 11" [_thread_blocked, id=6764, stack(0x00000067c5c00000,0x00000067c5d00000)]
  0x0000016c99e4e000 JavaThread "Unconstrained build operations Thread 12" [_thread_blocked, id=8540, stack(0x00000067c5d00000,0x00000067c5e00000)]
  0x0000016c94d46800 JavaThread "Unconstrained build operations Thread 13" [_thread_blocked, id=6268, stack(0x00000067c5e00000,0x00000067c5f00000)]
  0x0000016c94d45800 JavaThread "Unconstrained build operations Thread 14" [_thread_blocked, id=6672, stack(0x00000067c5f00000,0x00000067c6000000)]
  0x0000016c94d49800 JavaThread "Unconstrained build operations Thread 15" [_thread_blocked, id=7288, stack(0x00000067c6000000,0x00000067c6100000)]
  0x0000016c94d4a800 JavaThread "Unconstrained build operations Thread 16" [_thread_blocked, id=9404, stack(0x00000067c6100000,0x00000067c6200000)]
  0x0000016c94d48000 JavaThread "Unconstrained build operations Thread 17" [_thread_blocked, id=9564, stack(0x00000067c6200000,0x00000067c6300000)]
  0x0000016c94d4b800 JavaThread "Unconstrained build operations Thread 18" [_thread_blocked, id=5148, stack(0x00000067c6300000,0x00000067c6400000)]
  0x0000016c94d49000 JavaThread "Unconstrained build operations Thread 19" [_thread_blocked, id=8792, stack(0x00000067c6400000,0x00000067c6500000)]
  0x0000016c94d4d000 JavaThread "included builds" [_thread_blocked, id=10704, stack(0x00000067c6500000,0x00000067c6600000)]
  0x0000016c94d4c000 JavaThread "Execution worker for ':'" [_thread_blocked, id=8828, stack(0x00000067c6600000,0x00000067c6700000)]
  0x0000016c94d47800 JavaThread "Execution worker for ':' Thread 2" [_thread_blocked, id=924, stack(0x00000067c6700000,0x00000067c6800000)]
  0x0000016c94d51000 JavaThread "Execution worker for ':' Thread 3" [_thread_blocked, id=2536, stack(0x00000067c6800000,0x00000067c6900000)]
  0x0000016c94d4e000 JavaThread "Cache worker for execution history cache (D:\WorkPlace\Let´s Code\Back\Modulo 3\projeto-final\.gradle\7.4\executionHistory)" [_thread_blocked, id=6668, stack(0x00000067c6a00000,0x00000067c6b00000)]
  0x0000016c94d54800 JavaThread "Unconstrained build operations Thread 20" [_thread_blocked, id=9616, stack(0x00000067c6b00000,0x00000067c6c00000)]
  0x0000016c94d4e800 JavaThread "Unconstrained build operations Thread 21" [_thread_blocked, id=1344, stack(0x00000067c6c00000,0x00000067c6d00000)]
  0x0000016c94d52800 JavaThread "Unconstrained build operations Thread 22" [_thread_blocked, id=3348, stack(0x00000067c6d00000,0x00000067c6e00000)]
  0x0000016c94d52000 JavaThread "Unconstrained build operations Thread 23" [_thread_blocked, id=6032, stack(0x00000067c6e00000,0x00000067c6f00000)]
  0x0000016c94d4f800 JavaThread "Unconstrained build operations Thread 24" [_thread_blocked, id=8900, stack(0x00000067c6f00000,0x00000067c7000000)]
  0x0000016c94d50000 JavaThread "Unconstrained build operations Thread 25" [_thread_blocked, id=424, stack(0x00000067c7000000,0x00000067c7100000)]
  0x0000016c9ac1b000 JavaThread "Unconstrained build operations Thread 26" [_thread_blocked, id=5116, stack(0x00000067c7100000,0x00000067c7200000)]
  0x0000016c9ac17000 JavaThread "Unconstrained build operations Thread 27" [_thread_blocked, id=7280, stack(0x00000067c7200000,0x00000067c7300000)]
  0x0000016c9ac15000 JavaThread "Unconstrained build operations Thread 28" [_thread_blocked, id=9828, stack(0x00000067c7300000,0x00000067c7400000)]
  0x0000016c9ac1c000 JavaThread "Unconstrained build operations Thread 29" [_thread_blocked, id=9196, stack(0x00000067c7400000,0x00000067c7500000)]
  0x0000016c9ac16000 JavaThread "Unconstrained build operations Thread 30" [_thread_blocked, id=1332, stack(0x00000067c7500000,0x00000067c7600000)]
  0x0000016c9ac1c800 JavaThread "Unconstrained build operations Thread 31" [_thread_blocked, id=10436, stack(0x00000067c7600000,0x00000067c7700000)]
  0x0000016c9ac18800 JavaThread "Unconstrained build operations Thread 32" [_thread_blocked, id=10920, stack(0x00000067c7700000,0x00000067c7800000)]
  0x0000016c9ac1d800 JavaThread "Unconstrained build operations Thread 33" [_thread_blocked, id=10928, stack(0x00000067c7800000,0x00000067c7900000)]
  0x0000016c9ac17800 JavaThread "Unconstrained build operations Thread 34" [_thread_blocked, id=7536, stack(0x00000067c7900000,0x00000067c7a00000)]
  0x0000016c9ac1e000 JavaThread "Unconstrained build operations Thread 35" [_thread_blocked, id=9088, stack(0x00000067c7a00000,0x00000067c7b00000)]
  0x0000016c9ac19800 JavaThread "Unconstrained build operations Thread 36" [_thread_blocked, id=11112, stack(0x00000067c7b00000,0x00000067c7c00000)]
  0x0000016c9ac1f000 JavaThread "Unconstrained build operations Thread 37" [_thread_blocked, id=10984, stack(0x00000067c7c00000,0x00000067c7d00000)]
  0x0000016c9ac20000 JavaThread "Unconstrained build operations Thread 38" [_thread_blocked, id=9000, stack(0x00000067c7d00000,0x00000067c7e00000)]
  0x0000016c9ac1a000 JavaThread "Unconstrained build operations Thread 39" [_thread_blocked, id=10152, stack(0x00000067c7e00000,0x00000067c7f00000)]
  0x0000016c9ac20800 JavaThread "Unconstrained build operations Thread 40" [_thread_blocked, id=7744, stack(0x00000067c7f00000,0x00000067c8000000)]

Other Threads:
  0x0000016c92e0d000 VMThread "VM Thread" [stack: 0x00000067c2c00000,0x00000067c2d00000] [id=1432]
  0x0000016c93963000 WatcherThread [stack: 0x00000067c3600000,0x00000067c3700000] [id=9368]
  0x0000016cf7774000 GCTaskThread "GC Thread#0" [stack: 0x00000067c2700000,0x00000067c2800000] [id=2304]
=>0x0000016c93c2c000 GCTaskThread "GC Thread#1" [stack: 0x00000067c3800000,0x00000067c3900000] [id=6868]
  0x0000016c93de0000 GCTaskThread "GC Thread#2" [stack: 0x00000067c3900000,0x00000067c3a00000] [id=10956]
  0x0000016c93d4e800 GCTaskThread "GC Thread#3" [stack: 0x00000067c3a00000,0x00000067c3b00000] [id=8660]
  0x0000016cf7785800 ConcurrentGCThread "G1 Main Marker" [stack: 0x00000067c2800000,0x00000067c2900000] [id=10904]
  0x0000016cf7787000 ConcurrentGCThread "G1 Conc#0" [stack: 0x00000067c2900000,0x00000067c2a00000] [id=2312]
  0x0000016c92ca6800 ConcurrentGCThread "G1 Refine#0" [stack: 0x00000067c2a00000,0x00000067c2b00000] [id=4652]
  0x0000016c9d02e000 ConcurrentGCThread "G1 Refine#1" [stack: 0x00000067c8500000,0x00000067c8600000] [id=6156]
  0x0000016c92ca7000 ConcurrentGCThread "G1 Young RemSet Sampling" [stack: 0x00000067c2b00000,0x00000067c2c00000] [id=7356]

Threads with active compile tasks:
C2 CompilerThread02659029 21006       4       org.gradle.api.internal.artifacts.ivyservice.resolveengine.graph.builder.NodeState::createAndLinkEdgeState (64 bytes)

VM state:at safepoint (normal execution)

VM Mutex/Monitor currently owned by a thread:  ([mutex/lock_event])
[0x0000016cf7757790] Threads_lock - owner thread: 0x0000016c92e0d000
[0x0000016cf7757f70] Heap_lock - owner thread: 0x0000016c94d4d000

Heap address: 0x00000000e0000000, size: 512 MB, Compressed Oops mode: 32-bit
Narrow klass base: 0x0000000000000000, Narrow klass shift: 3
Compressed class space size: 260046848 Address: 0x0000000100000000

Heap:
 garbage-first heap   total 262144K, used 119808K [0x00000000e0000000, 0x0000000100000000)
  region size 1024K, 13 young (13312K), 2 survivors (2048K)
 Metaspace       used 80891K, capacity 84355K, committed 113616K, reserved 354304K
  class space    used 9697K, capacity 10903K, committed 14412K, reserved 253952K
Heap Regions: E=young(eden), S=young(survivor), O=old, HS=humongous(starts), HC=humongous(continues), CS=collection set, F=free, A=archive, TAMS=top-at-mark-start (previous, next)
|   0|0x00000000e0000000, 0x00000000e0100000, 0x00000000e0100000|100%|HS|  |TAMS 0x00000000e0100000, 0x00000000e0000000| Complete 
|   1|0x00000000e0100000, 0x00000000e0200000, 0x00000000e0200000|100%|HC|  |TAMS 0x00000000e0200000, 0x00000000e0100000| Complete 
|   2|0x00000000e0200000, 0x00000000e0300000, 0x00000000e0300000|100%|HC|  |TAMS 0x00000000e0300000, 0x00000000e0200000| Complete 
|   3|0x00000000e0300000, 0x00000000e0400000, 0x00000000e0400000|100%| O|  |TAMS 0x00000000e0400000, 0x00000000e0300000| Complete 
|   4|0x00000000e0400000, 0x00000000e0500000, 0x00000000e0500000|100%| O|  |TAMS 0x00000000e0500000, 0x00000000e0400000| Untracked 
|   5|0x00000000e0500000, 0x00000000e0600000, 0x00000000e0600000|100%| O|  |TAMS 0x00000000e0600000, 0x00000000e0500000| Untracked 
|   6|0x00000000e0600000, 0x00000000e0700000, 0x00000000e0700000|100%| O|  |TAMS 0x00000000e0700000, 0x00000000e0600000| Untracked 
|   7|0x00000000e0700000, 0x00000000e0800000, 0x00000000e0800000|100%| O|  |TAMS 0x00000000e0800000, 0x00000000e0700000| Complete 
|   8|0x00000000e0800000, 0x00000000e0900000, 0x00000000e0900000|100%| O|  |TAMS 0x00000000e0900000, 0x00000000e0800000| Untracked 
|   9|0x00000000e0900000, 0x00000000e0a00000, 0x00000000e0a00000|100%| O|  |TAMS 0x00000000e0a00000, 0x00000000e0900000| Untracked 
|  10|0x00000000e0a00000, 0x00000000e0b00000, 0x00000000e0b00000|100%| O|  |TAMS 0x00000000e0b00000, 0x00000000e0a00000| Complete 
|  11|0x00000000e0b00000, 0x00000000e0c00000, 0x00000000e0c00000|100%| O|  |TAMS 0x00000000e0c00000, 0x00000000e0b00000| Untracked 
|  12|0x00000000e0c00000, 0x00000000e0d00000, 0x00000000e0d00000|100%| O|  |TAMS 0x00000000e0d00000, 0x00000000e0c00000| Untracked 
|  13|0x00000000e0d00000, 0x00000000e0e00000, 0x00000000e0e00000|100%| O|  |TAMS 0x00000000e0e00000, 0x00000000e0d00000| Untracked 
|  14|0x00000000e0e00000, 0x00000000e0f00000, 0x00000000e0f00000|100%| O|  |TAMS 0x00000000e0f00000, 0x00000000e0e00000| Untracked 
|  15|0x00000000e0f00000, 0x00000000e1000000, 0x00000000e1000000|100%| O|  |TAMS 0x00000000e1000000, 0x00000000e0f00000| Untracked 
|  16|0x00000000e1000000, 0x00000000e1100000, 0x00000000e1100000|100%| O|  |TAMS 0x00000000e1100000, 0x00000000e1000000| Complete 
|  17|0x00000000e1100000, 0x00000000e1200000, 0x00000000e1200000|100%| O|  |TAMS 0x00000000e1200000, 0x00000000e1100000| Untracked 
|  18|0x00000000e1200000, 0x00000000e1300000, 0x00000000e1300000|100%| O|  |TAMS 0x00000000e1300000, 0x00000000e1200000| Untracked 
|  19|0x00000000e1300000, 0x00000000e1400000, 0x00000000e1400000|100%| O|  |TAMS 0x00000000e1400000, 0x00000000e1300000| Complete 
|  20|0x00000000e1400000, 0x00000000e1500000, 0x00000000e1500000|100%| O|  |TAMS 0x00000000e1500000, 0x00000000e1400000| Complete 
|  21|0x00000000e1500000, 0x00000000e1600000, 0x00000000e1600000|100%| O|  |TAMS 0x00000000e1600000, 0x00000000e1500000| Complete 
|  22|0x00000000e1600000, 0x00000000e1700000, 0x00000000e1700000|100%| O|  |TAMS 0x00000000e1700000, 0x00000000e1600000| Complete 
|  23|0x00000000e1700000, 0x00000000e1800000, 0x00000000e1800000|100%| O|  |TAMS 0x00000000e1800000, 0x00000000e1700000| Complete 
|  24|0x00000000e1800000, 0x00000000e1900000, 0x00000000e1900000|100%| O|  |TAMS 0x00000000e1900000, 0x00000000e1800000| Untracked 
|  25|0x00000000e1900000, 0x00000000e1a00000, 0x00000000e1a00000|100%| O|  |TAMS 0x00000000e1a00000, 0x00000000e1900000| Untracked 
|  26|0x00000000e1a00000, 0x00000000e1b00000, 0x00000000e1b00000|100%| O|  |TAMS 0x00000000e1b00000, 0x00000000e1a00000| Untracked 
|  27|0x00000000e1b00000, 0x00000000e1c00000, 0x00000000e1c00000|100%| O|CS|TAMS 0x00000000e1c00000, 0x00000000e1b00000| Complete 
|  28|0x00000000e1c00000, 0x00000000e1d00000, 0x00000000e1d00000|100%| O|  |TAMS 0x00000000e1d00000, 0x00000000e1c00000| Complete 
|  29|0x00000000e1d00000, 0x00000000e1e00000, 0x00000000e1e00000|100%| O|  |TAMS 0x00000000e1e00000, 0x00000000e1d00000| Complete 
|  30|0x00000000e1e00000, 0x00000000e1f00000, 0x00000000e1f00000|100%| O|  |TAMS 0x00000000e1f00000, 0x00000000e1e00000| Complete 
|  31|0x00000000e1f00000, 0x00000000e2000000, 0x00000000e2000000|100%| O|  |TAMS 0x00000000e2000000, 0x00000000e1f00000| Complete 
|  32|0x00000000e2000000, 0x00000000e2100000, 0x00000000e2100000|100%| O|  |TAMS 0x00000000e2100000, 0x00000000e2000000| Complete 
|  33|0x00000000e2100000, 0x00000000e2200000, 0x00000000e2200000|100%| O|  |TAMS 0x00000000e2200000, 0x00000000e2100000| Untracked 
|  34|0x00000000e2200000, 0x00000000e2300000, 0x00000000e2300000|100%| O|  |TAMS 0x00000000e2300000, 0x00000000e2200000| Complete 
|  35|0x00000000e2300000, 0x00000000e2400000, 0x00000000e2400000|100%| O|  |TAMS 0x00000000e2400000, 0x00000000e2300000| Complete 
|  36|0x00000000e2400000, 0x00000000e2500000, 0x00000000e2500000|100%| O|  |TAMS 0x00000000e2500000, 0x00000000e2400000| Complete 
|  37|0x00000000e2500000, 0x00000000e2600000, 0x00000000e2600000|100%| O|  |TAMS 0x00000000e2600000, 0x00000000e2500000| Complete 
|  38|0x00000000e2600000, 0x00000000e2700000, 0x00000000e2700000|100%| O|  |TAMS 0x00000000e2700000, 0x00000000e2600000| Complete 
|  39|0x00000000e2700000, 0x00000000e2800000, 0x00000000e2800000|100%| O|  |TAMS 0x00000000e2700000, 0x00000000e2700000| Untracked 
|  40|0x00000000e2800000, 0x00000000e2900000, 0x00000000e2900000|100%| O|  |TAMS 0x00000000e2800000, 0x00000000e2800000| Untracked 
|  41|0x00000000e2900000, 0x00000000e2a00000, 0x00000000e2a00000|100%| O|  |TAMS 0x00000000e2900000, 0x00000000e2900000| Untracked 
|  42|0x00000000e2a00000, 0x00000000e2b00000, 0x00000000e2b00000|100%| O|CS|TAMS 0x00000000e2b00000, 0x00000000e2a00000| Complete 
|  43|0x00000000e2b00000, 0x00000000e2c00000, 0x00000000e2c00000|100%| O|CS|TAMS 0x00000000e2c00000, 0x00000000e2b00000| Complete 
|  44|0x00000000e2c00000, 0x00000000e2d00000, 0x00000000e2d00000|100%| O|CS|TAMS 0x00000000e2d00000, 0x00000000e2c00000| Complete 
|  45|0x00000000e2d00000, 0x00000000e2e00000, 0x00000000e2e00000|100%| O|  |TAMS 0x00000000e2e00000, 0x00000000e2d00000| Complete 
|  46|0x00000000e2e00000, 0x00000000e2f00000, 0x00000000e2f00000|100%| O|  |TAMS 0x00000000e2f00000, 0x00000000e2e00000| Complete 
|  47|0x00000000e2f00000, 0x00000000e3000000, 0x00000000e3000000|100%| O|  |TAMS 0x00000000e3000000, 0x00000000e2f00000| Complete 
|  48|0x00000000e3000000, 0x00000000e3100000, 0x00000000e3100000|100%| O|  |TAMS 0x00000000e3100000, 0x00000000e3000000| Complete 
|  49|0x00000000e3100000, 0x00000000e3200000, 0x00000000e3200000|100%| O|CS|TAMS 0x00000000e3200000, 0x00000000e3100000| Complete 
|  50|0x00000000e3200000, 0x00000000e3300000, 0x00000000e3300000|100%| O|  |TAMS 0x00000000e3300000, 0x00000000e3200000| Complete 
|  51|0x00000000e3300000, 0x00000000e3400000, 0x00000000e3400000|100%| O|  |TAMS 0x00000000e3400000, 0x00000000e3300000| Untracked 
|  52|0x00000000e3400000, 0x00000000e3500000, 0x00000000e3500000|100%| O|  |TAMS 0x00000000e3500000, 0x00000000e3400000| Untracked 
|  53|0x00000000e3500000, 0x00000000e3600000, 0x00000000e3600000|100%| O|  |TAMS 0x00000000e3600000, 0x00000000e3500000| Complete 
|  54|0x00000000e3600000, 0x00000000e3700000, 0x00000000e3700000|100%| O|CS|TAMS 0x00000000e3700000, 0x00000000e3600000| Complete 
|  55|0x00000000e3700000, 0x00000000e3800000, 0x00000000e3800000|100%| O|  |TAMS 0x00000000e3800000, 0x00000000e3700000| Untracked 
|  56|0x00000000e3800000, 0x00000000e3900000, 0x00000000e3900000|100%| O|CS|TAMS 0x00000000e3900000, 0x00000000e3800000| Complete 
|  57|0x00000000e3900000, 0x00000000e3a00000, 0x00000000e3a00000|100%| O|CS|TAMS 0x00000000e3a00000, 0x00000000e3900000| Complete 
|  58|0x00000000e3a00000, 0x00000000e3b00000, 0x00000000e3b00000|100%| O|CS|TAMS 0x00000000e3b00000, 0x00000000e3a00000| Complete 
|  59|0x00000000e3b00000, 0x00000000e3c00000, 0x00000000e3c00000|100%| O|  |TAMS 0x00000000e3b00000, 0x00000000e3b00000| Untracked 
|  60|0x00000000e3c00000, 0x00000000e3d00000, 0x00000000e3d00000|100%| O|  |TAMS 0x00000000e3c00000, 0x00000000e3c00000| Untracked 
|  61|0x00000000e3d00000, 0x00000000e3e00000, 0x00000000e3e00000|100%| O|CS|TAMS 0x00000000e3e00000, 0x00000000e3d00000| Complete 
|  62|0x00000000e3e00000, 0x00000000e3e00000, 0x00000000e3f00000|  0%| F|  |TAMS 0x00000000e3e00000, 0x00000000e3e00000| Untracked 
|  63|0x00000000e3f00000, 0x00000000e3f00000, 0x00000000e4000000|  0%| F|  |TAMS 0x00000000e3f00000, 0x00000000e3f00000| Untracked 
|  64|0x00000000e4000000, 0x00000000e4100000, 0x00000000e4100000|100%| O|  |TAMS 0x00000000e4100000, 0x00000000e4000000| Untracked 
|  65|0x00000000e4100000, 0x00000000e4100000, 0x00000000e4200000|  0%| F|  |TAMS 0x00000000e4100000, 0x00000000e4100000| Untracked 
|  66|0x00000000e4200000, 0x00000000e4200000, 0x00000000e4300000|  0%| F|  |TAMS 0x00000000e4200000, 0x00000000e4200000| Untracked 
|  67|0x00000000e4300000, 0x00000000e4300000, 0x00000000e4400000|  0%| F|  |TAMS 0x00000000e4300000, 0x00000000e4300000| Untracked 
|  68|0x00000000e4400000, 0x00000000e4500000, 0x00000000e4500000|100%| O|CS|TAMS 0x00000000e4500000, 0x00000000e4400000| Complete 
|  69|0x00000000e4500000, 0x00000000e4600000, 0x00000000e4600000|100%| O|CS|TAMS 0x00000000e4600000, 0x00000000e4500000| Complete 
|  70|0x00000000e4600000, 0x00000000e4700000, 0x00000000e4700000|100%| O|  |TAMS 0x00000000e4700000, 0x00000000e4600000| Complete 
|  71|0x00000000e4700000, 0x00000000e4800000, 0x00000000e4800000|100%| O|  |TAMS 0x00000000e4800000, 0x00000000e4700000| Complete 
|  72|0x00000000e4800000, 0x00000000e4800000, 0x00000000e4900000|  0%| F|  |TAMS 0x00000000e4800000, 0x00000000e4800000| Untracked 
|  73|0x00000000e4900000, 0x00000000e4900000, 0x00000000e4a00000|  0%| F|  |TAMS 0x00000000e4900000, 0x00000000e4900000| Untracked 
|  74|0x00000000e4a00000, 0x00000000e4b00000, 0x00000000e4b00000|100%| O|  |TAMS 0x00000000e4b00000, 0x00000000e4a00000| Complete 
|  75|0x00000000e4b00000, 0x00000000e4b00000, 0x00000000e4c00000|  0%| F|  |TAMS 0x00000000e4b00000, 0x00000000e4b00000| Untracked 
|  76|0x00000000e4c00000, 0x00000000e4d00000, 0x00000000e4d00000|100%| O|CS|TAMS 0x00000000e4d00000, 0x00000000e4c00000| Complete 
|  77|0x00000000e4d00000, 0x00000000e4e00000, 0x00000000e4e00000|100%| O|  |TAMS 0x00000000e4e00000, 0x00000000e4d00000| Untracked 
|  78|0x00000000e4e00000, 0x00000000e4f00000, 0x00000000e4f00000|100%| O|  |TAMS 0x00000000e4f00000, 0x00000000e4e00000| Complete 
|  79|0x00000000e4f00000, 0x00000000e4f00000, 0x00000000e5000000|  0%| F|  |TAMS 0x00000000e4f00000, 0x00000000e4f00000| Untracked 
|  80|0x00000000e5000000, 0x00000000e5100000, 0x00000000e5100000|100%| O|CS|TAMS 0x00000000e5100000, 0x00000000e5000000| Complete 
|  81|0x00000000e5100000, 0x00000000e5200000, 0x00000000e5200000|100%| O|CS|TAMS 0x00000000e5200000, 0x00000000e5100000| Complete 
|  82|0x00000000e5200000, 0x00000000e5300000, 0x00000000e5300000|100%| O|CS|TAMS 0x00000000e5300000, 0x00000000e5200000| Complete 
|  83|0x00000000e5300000, 0x00000000e5300000, 0x00000000e5400000|  0%| F|  |TAMS 0x00000000e5300000, 0x00000000e5300000| Untracked 
|  84|0x00000000e5400000, 0x00000000e5400000, 0x00000000e5500000|  0%| F|  |TAMS 0x00000000e5400000, 0x00000000e5400000| Untracked 
|  85|0x00000000e5500000, 0x00000000e5500000, 0x00000000e5600000|  0%| F|  |TAMS 0x00000000e5500000, 0x00000000e5500000| Untracked 
|  86|0x00000000e5600000, 0x00000000e5700000, 0x00000000e5700000|100%| O|  |TAMS 0x00000000e5700000, 0x00000000e5600000| Complete 
|  87|0x00000000e5700000, 0x00000000e5800000, 0x00000000e5800000|100%| O|  |TAMS 0x00000000e5800000, 0x00000000e5700000| Untracked 
|  88|0x00000000e5800000, 0x00000000e5800000, 0x00000000e5900000|  0%| F|  |TAMS 0x00000000e5800000, 0x00000000e5800000| Untracked 
|  89|0x00000000e5900000, 0x00000000e5a00000, 0x00000000e5a00000|100%| O|CS|TAMS 0x00000000e5a00000, 0x00000000e5900000| Complete 
|  90|0x00000000e5a00000, 0x00000000e5b00000, 0x00000000e5b00000|100%| O|  |TAMS 0x00000000e5b00000, 0x00000000e5a00000| Complete 
|  91|0x00000000e5b00000, 0x00000000e5c00000, 0x00000000e5c00000|100%| O|CS|TAMS 0x00000000e5c00000, 0x00000000e5b00000| Complete 
|  92|0x00000000e5c00000, 0x00000000e5c00000, 0x00000000e5d00000|  0%| F|  |TAMS 0x00000000e5c00000, 0x00000000e5c00000| Untracked 
|  93|0x00000000e5d00000, 0x00000000e5d00000, 0x00000000e5e00000|  0%| F|  |TAMS 0x00000000e5d00000, 0x00000000e5d00000| Untracked 
|  94|0x00000000e5e00000, 0x00000000e5e00000, 0x00000000e5f00000|  0%| F|  |TAMS 0x00000000e5e00000, 0x00000000e5e00000| Untracked 
|  95|0x00000000e5f00000, 0x00000000e5f00000, 0x00000000e6000000|  0%| F|  |TAMS 0x00000000e5f00000, 0x00000000e5f00000| Untracked 
|  96|0x00000000e6000000, 0x00000000e6100000, 0x00000000e6100000|100%| O|  |TAMS 0x00000000e6100000, 0x00000000e6000000| Untracked 
|  97|0x00000000e6100000, 0x00000000e6200000, 0x00000000e6200000|100%| O|CS|TAMS 0x00000000e6200000, 0x00000000e6100000| Complete 
|  98|0x00000000e6200000, 0x00000000e6200000, 0x00000000e6300000|  0%| F|  |TAMS 0x00000000e6200000, 0x00000000e6200000| Untracked 
|  99|0x00000000e6300000, 0x00000000e6400000, 0x00000000e6400000|100%| O|  |TAMS 0x00000000e6300000, 0x00000000e6300000| Untracked 
| 100|0x00000000e6400000, 0x00000000e6400000, 0x00000000e6500000|  0%| F|  |TAMS 0x00000000e6400000, 0x00000000e6400000| Untracked 
| 101|0x00000000e6500000, 0x00000000e6500000, 0x00000000e6600000|  0%| F|  |TAMS 0x00000000e6500000, 0x00000000e6500000| Untracked 
| 102|0x00000000e6600000, 0x00000000e6700000, 0x00000000e6700000|100%| O|  |TAMS 0x00000000e6600000, 0x00000000e6600000| Untracked 
| 103|0x00000000e6700000, 0x00000000e6800000, 0x00000000e6800000|100%| O|  |TAMS 0x00000000e6700000, 0x00000000e6700000| Untracked 
| 104|0x00000000e6800000, 0x00000000e6900000, 0x00000000e6900000|100%| O|  |TAMS 0x00000000e6800000, 0x00000000e6800000| Untracked 
| 105|0x00000000e6900000, 0x00000000e6900000, 0x00000000e6a00000|  0%| F|  |TAMS 0x00000000e6900000, 0x00000000e6900000| Untracked 
| 106|0x00000000e6a00000, 0x00000000e6b00000, 0x00000000e6b00000|100%| O|  |TAMS 0x00000000e6b00000, 0x00000000e6a00000| Untracked 
| 107|0x00000000e6b00000, 0x00000000e6c00000, 0x00000000e6c00000|100%| O|CS|TAMS 0x00000000e6c00000, 0x00000000e6b00000| Complete 
| 108|0x00000000e6c00000, 0x00000000e6d00000, 0x00000000e6d00000|100%| O|  |TAMS 0x00000000e6d00000, 0x00000000e6c00000| Untracked 
| 109|0x00000000e6d00000, 0x00000000e6e00000, 0x00000000e6e00000|100%| O|  |TAMS 0x00000000e6e00000, 0x00000000e6d00000| Untracked 
| 110|0x00000000e6e00000, 0x00000000e6f00000, 0x00000000e6f00000|100%| O|  |TAMS 0x00000000e6f00000, 0x00000000e6e00000| Untracked 
| 111|0x00000000e6f00000, 0x00000000e7000000, 0x00000000e7000000|100%| O|  |TAMS 0x00000000e7000000, 0x00000000e6f00000| Complete 
| 112|0x00000000e7000000, 0x00000000e7100000, 0x00000000e7100000|100%| O|  |TAMS 0x00000000e7100000, 0x00000000e7000000| Complete 
| 113|0x00000000e7100000, 0x00000000e7200000, 0x00000000e7200000|100%| O|  |TAMS 0x00000000e7200000, 0x00000000e7100000| Untracked 
| 114|0x00000000e7200000, 0x00000000e7300000, 0x00000000e7300000|100%| O|  |TAMS 0x00000000e7300000, 0x00000000e7200000| Complete 
| 115|0x00000000e7300000, 0x00000000e7400000, 0x00000000e7400000|100%| O|  |TAMS 0x00000000e7400000, 0x00000000e7300000| Untracked 
| 116|0x00000000e7400000, 0x00000000e7500000, 0x00000000e7500000|100%| O|  |TAMS 0x00000000e7500000, 0x00000000e7400000| Untracked 
| 117|0x00000000e7500000, 0x00000000e7600000, 0x00000000e7600000|100%| O|  |TAMS 0x00000000e7600000, 0x00000000e7500000| Complete 
| 118|0x00000000e7600000, 0x00000000e7700000, 0x00000000e7700000|100%| O|  |TAMS 0x00000000e7700000, 0x00000000e7600000| Untracked 
| 119|0x00000000e7700000, 0x00000000e7800000, 0x00000000e7800000|100%| O|  |TAMS 0x00000000e7800000, 0x00000000e7700000| Untracked 
| 120|0x00000000e7800000, 0x00000000e7900000, 0x00000000e7900000|100%| O|  |TAMS 0x00000000e78ba200, 0x00000000e7800000| Untracked 
| 121|0x00000000e7900000, 0x00000000e7a00000, 0x00000000e7a00000|100%| O|  |TAMS 0x00000000e7900000, 0x00000000e7900000| Untracked 
| 122|0x00000000e7a00000, 0x00000000e7b00000, 0x00000000e7b00000|100%| O|  |TAMS 0x00000000e7a00000, 0x00000000e7a00000| Untracked 
| 123|0x00000000e7b00000, 0x00000000e7c00000, 0x00000000e7c00000|100%| O|  |TAMS 0x00000000e7b00000, 0x00000000e7b00000| Untracked 
| 124|0x00000000e7c00000, 0x00000000e7d00000, 0x00000000e7d00000|100%| O|  |TAMS 0x00000000e7c00000, 0x00000000e7c00000| Untracked 
| 125|0x00000000e7d00000, 0x00000000e7e00000, 0x00000000e7e00000|100%| O|  |TAMS 0x00000000e7d00000, 0x00000000e7d00000| Untracked 
| 126|0x00000000e7e00000, 0x00000000e7f00000, 0x00000000e7f00000|100%| O|  |TAMS 0x00000000e7e00000, 0x00000000e7e00000| Untracked 
| 127|0x00000000e7f00000, 0x00000000e8000000, 0x00000000e8000000|100%| O|  |TAMS 0x00000000e7f00000, 0x00000000e7f00000| Untracked 
| 128|0x00000000e8000000, 0x00000000e8100000, 0x00000000e8100000|100%| O|  |TAMS 0x00000000e8000000, 0x00000000e8000000| Untracked 
| 129|0x00000000e8100000, 0x00000000e8200000, 0x00000000e8200000|100%| O|  |TAMS 0x00000000e8100000, 0x00000000e8100000| Untracked 
| 130|0x00000000e8200000, 0x00000000e8300000, 0x00000000e8300000|100%| O|  |TAMS 0x00000000e8200000, 0x00000000e8200000| Untracked 
| 131|0x00000000e8300000, 0x00000000e8300000, 0x00000000e8400000|  0%| F|  |TAMS 0x00000000e8300000, 0x00000000e8300000| Untracked 
| 132|0x00000000e8400000, 0x00000000e8400000, 0x00000000e8500000|  0%| F|  |TAMS 0x00000000e8400000, 0x00000000e8400000| Untracked 
| 133|0x00000000e8500000, 0x00000000e8500000, 0x00000000e8600000|  0%| F|  |TAMS 0x00000000e8500000, 0x00000000e8500000| Untracked 
| 134|0x00000000e8600000, 0x00000000e8600000, 0x00000000e8700000|  0%| F|  |TAMS 0x00000000e8600000, 0x00000000e8600000| Untracked 
| 135|0x00000000e8700000, 0x00000000e8700000, 0x00000000e8800000|  0%| F|  |TAMS 0x00000000e8700000, 0x00000000e8700000| Untracked 
| 136|0x00000000e8800000, 0x00000000e8800000, 0x00000000e8900000|  0%| F|  |TAMS 0x00000000e8800000, 0x00000000e8800000| Untracked 
| 137|0x00000000e8900000, 0x00000000e8900000, 0x00000000e8a00000|  0%| F|  |TAMS 0x00000000e8900000, 0x00000000e8900000| Untracked 
| 138|0x00000000e8a00000, 0x00000000e8a00000, 0x00000000e8b00000|  0%| F|  |TAMS 0x00000000e8a00000, 0x00000000e8a00000| Untracked 
| 139|0x00000000e8b00000, 0x00000000e8b00000, 0x00000000e8c00000|  0%| F|  |TAMS 0x00000000e8b00000, 0x00000000e8b00000| Untracked 
| 140|0x00000000e8c00000, 0x00000000e8c00000, 0x00000000e8d00000|  0%| F|  |TAMS 0x00000000e8c00000, 0x00000000e8c00000| Untracked 
| 141|0x00000000e8d00000, 0x00000000e8d00000, 0x00000000e8e00000|  0%| F|  |TAMS 0x00000000e8d00000, 0x00000000e8d00000| Untracked 
| 142|0x00000000e8e00000, 0x00000000e8e00000, 0x00000000e8f00000|  0%| F|  |TAMS 0x00000000e8e00000, 0x00000000e8e00000| Untracked 
| 143|0x00000000e8f00000, 0x00000000e8f00000, 0x00000000e9000000|  0%| F|  |TAMS 0x00000000e8f00000, 0x00000000e8f00000| Untracked 
| 144|0x00000000e9000000, 0x00000000e9000000, 0x00000000e9100000|  0%| F|  |TAMS 0x00000000e9000000, 0x00000000e9000000| Untracked 
| 145|0x00000000e9100000, 0x00000000e9100000, 0x00000000e9200000|  0%| F|  |TAMS 0x00000000e9100000, 0x00000000e9100000| Untracked 
| 146|0x00000000e9200000, 0x00000000e9200000, 0x00000000e9300000|  0%| F|  |TAMS 0x00000000e9200000, 0x00000000e9200000| Untracked 
| 147|0x00000000e9300000, 0x00000000e9300000, 0x00000000e9400000|  0%| F|  |TAMS 0x00000000e9300000, 0x00000000e9300000| Untracked 
| 148|0x00000000e9400000, 0x00000000e9400000, 0x00000000e9500000|  0%| F|  |TAMS 0x00000000e9400000, 0x00000000e9400000| Untracked 
| 149|0x00000000e9500000, 0x00000000e9500000, 0x00000000e9600000|  0%| F|  |TAMS 0x00000000e9500000, 0x00000000e9500000| Untracked 
| 150|0x00000000e9600000, 0x00000000e9600000, 0x00000000e9700000|  0%| F|  |TAMS 0x00000000e9600000, 0x00000000e9600000| Untracked 
| 151|0x00000000e9700000, 0x00000000e9700000, 0x00000000e9800000|  0%| F|  |TAMS 0x00000000e9700000, 0x00000000e9700000| Untracked 
| 152|0x00000000e9800000, 0x00000000e9800000, 0x00000000e9900000|  0%| F|  |TAMS 0x00000000e9800000, 0x00000000e9800000| Untracked 
| 153|0x00000000e9900000, 0x00000000e9900000, 0x00000000e9a00000|  0%| F|  |TAMS 0x00000000e9900000, 0x00000000e9900000| Untracked 
| 154|0x00000000e9a00000, 0x00000000e9a00000, 0x00000000e9b00000|  0%| F|  |TAMS 0x00000000e9a00000, 0x00000000e9a00000| Untracked 
| 155|0x00000000e9b00000, 0x00000000e9b00000, 0x00000000e9c00000|  0%| F|  |TAMS 0x00000000e9b00000, 0x00000000e9b00000| Untracked 
| 156|0x00000000e9c00000, 0x00000000e9c00000, 0x00000000e9d00000|  0%| F|  |TAMS 0x00000000e9c00000, 0x00000000e9c00000| Untracked 
| 157|0x00000000e9d00000, 0x00000000e9d00000, 0x00000000e9e00000|  0%| F|  |TAMS 0x00000000e9d00000, 0x00000000e9d00000| Untracked 
| 158|0x00000000e9e00000, 0x00000000e9e00000, 0x00000000e9f00000|  0%| F|  |TAMS 0x00000000e9e00000, 0x00000000e9e00000| Untracked 
| 159|0x00000000e9f00000, 0x00000000e9f00000, 0x00000000ea000000|  0%| F|  |TAMS 0x00000000e9f00000, 0x00000000e9f00000| Untracked 
| 160|0x00000000ea000000, 0x00000000ea000000, 0x00000000ea100000|  0%| F|  |TAMS 0x00000000ea000000, 0x00000000ea000000| Untracked 
| 161|0x00000000ea100000, 0x00000000ea100000, 0x00000000ea200000|  0%| F|  |TAMS 0x00000000ea100000, 0x00000000ea100000| Untracked 
| 162|0x00000000ea200000, 0x00000000ea200000, 0x00000000ea300000|  0%| F|  |TAMS 0x00000000ea200000, 0x00000000ea200000| Untracked 
| 163|0x00000000ea300000, 0x00000000ea300000, 0x00000000ea400000|  0%| F|  |TAMS 0x00000000ea300000, 0x00000000ea300000| Untracked 
| 164|0x00000000ea400000, 0x00000000ea400000, 0x00000000ea500000|  0%| F|  |TAMS 0x00000000ea400000, 0x00000000ea400000| Untracked 
| 165|0x00000000ea500000, 0x00000000ea500000, 0x00000000ea600000|  0%| F|  |TAMS 0x00000000ea500000, 0x00000000ea500000| Untracked 
| 166|0x00000000ea600000, 0x00000000ea600000, 0x00000000ea700000|  0%| F|  |TAMS 0x00000000ea600000, 0x00000000ea600000| Untracked 
| 167|0x00000000ea700000, 0x00000000ea700000, 0x00000000ea800000|  0%| F|  |TAMS 0x00000000ea700000, 0x00000000ea700000| Untracked 
| 168|0x00000000ea800000, 0x00000000ea800000, 0x00000000ea900000|  0%| F|  |TAMS 0x00000000ea800000, 0x00000000ea800000| Untracked 
| 169|0x00000000ea900000, 0x00000000ea900000, 0x00000000eaa00000|  0%| F|  |TAMS 0x00000000ea900000, 0x00000000ea900000| Untracked 
| 170|0x00000000eaa00000, 0x00000000eaa00000, 0x00000000eab00000|  0%| F|  |TAMS 0x00000000eaa00000, 0x00000000eaa00000| Untracked 
| 171|0x00000000eab00000, 0x00000000eab00000, 0x00000000eac00000|  0%| F|  |TAMS 0x00000000eab00000, 0x00000000eab00000| Untracked 
| 172|0x00000000eac00000, 0x00000000eac00000, 0x00000000ead00000|  0%| F|  |TAMS 0x00000000eac00000, 0x00000000eac00000| Untracked 
| 173|0x00000000ead00000, 0x00000000ead00000, 0x00000000eae00000|  0%| F|  |TAMS 0x00000000ead00000, 0x00000000ead00000| Untracked 
| 174|0x00000000eae00000, 0x00000000eae00000, 0x00000000eaf00000|  0%| F|  |TAMS 0x00000000eae00000, 0x00000000eae00000| Untracked 
| 175|0x00000000eaf00000, 0x00000000eaf00000, 0x00000000eb000000|  0%| F|  |TAMS 0x00000000eaf00000, 0x00000000eaf00000| Untracked 
| 176|0x00000000eb000000, 0x00000000eb000000, 0x00000000eb100000|  0%| F|  |TAMS 0x00000000eb000000, 0x00000000eb000000| Untracked 
| 177|0x00000000eb100000, 0x00000000eb100000, 0x00000000eb200000|  0%| F|  |TAMS 0x00000000eb100000, 0x00000000eb100000| Untracked 
| 178|0x00000000eb200000, 0x00000000eb200000, 0x00000000eb300000|  0%| F|  |TAMS 0x00000000eb200000, 0x00000000eb200000| Untracked 
| 179|0x00000000eb300000, 0x00000000eb300000, 0x00000000eb400000|  0%| F|  |TAMS 0x00000000eb300000, 0x00000000eb300000| Untracked 
| 180|0x00000000eb400000, 0x00000000eb400000, 0x00000000eb500000|  0%| F|  |TAMS 0x00000000eb400000, 0x00000000eb400000| Untracked 
| 181|0x00000000eb500000, 0x00000000eb500000, 0x00000000eb600000|  0%| F|  |TAMS 0x00000000eb500000, 0x00000000eb500000| Untracked 
| 182|0x00000000eb600000, 0x00000000eb600000, 0x00000000eb700000|  0%| F|  |TAMS 0x00000000eb600000, 0x00000000eb600000| Untracked 
| 183|0x00000000eb700000, 0x00000000eb700000, 0x00000000eb800000|  0%| F|  |TAMS 0x00000000eb700000, 0x00000000eb700000| Untracked 
| 184|0x00000000eb800000, 0x00000000eb800000, 0x00000000eb900000|  0%| F|  |TAMS 0x00000000eb800000, 0x00000000eb800000| Untracked 
| 185|0x00000000eb900000, 0x00000000eb900000, 0x00000000eba00000|  0%| F|  |TAMS 0x00000000eb900000, 0x00000000eb900000| Untracked 
| 186|0x00000000eba00000, 0x00000000eba00000, 0x00000000ebb00000|  0%| F|  |TAMS 0x00000000eba00000, 0x00000000eba00000| Untracked 
| 187|0x00000000ebb00000, 0x00000000ebb00000, 0x00000000ebc00000|  0%| F|  |TAMS 0x00000000ebb00000, 0x00000000ebb00000| Untracked 
| 188|0x00000000ebc00000, 0x00000000ebc00000, 0x00000000ebd00000|  0%| F|  |TAMS 0x00000000ebc00000, 0x00000000ebc00000| Untracked 
| 189|0x00000000ebd00000, 0x00000000ebd00000, 0x00000000ebe00000|  0%| F|  |TAMS 0x00000000ebd00000, 0x00000000ebd00000| Untracked 
| 190|0x00000000ebe00000, 0x00000000ebe00000, 0x00000000ebf00000|  0%| F|  |TAMS 0x00000000ebe00000, 0x00000000ebe00000| Untracked 
| 191|0x00000000ebf00000, 0x00000000ebf00000, 0x00000000ec000000|  0%| F|  |TAMS 0x00000000ebf00000, 0x00000000ebf00000| Untracked 
| 192|0x00000000ec000000, 0x00000000ec000000, 0x00000000ec100000|  0%| F|  |TAMS 0x00000000ec000000, 0x00000000ec000000| Untracked 
| 193|0x00000000ec100000, 0x00000000ec100000, 0x00000000ec200000|  0%| F|  |TAMS 0x00000000ec100000, 0x00000000ec100000| Untracked 
| 194|0x00000000ec200000, 0x00000000ec200000, 0x00000000ec300000|  0%| F|  |TAMS 0x00000000ec200000, 0x00000000ec200000| Untracked 
| 195|0x00000000ec300000, 0x00000000ec300000, 0x00000000ec400000|  0%| F|  |TAMS 0x00000000ec300000, 0x00000000ec300000| Untracked 
| 196|0x00000000ec400000, 0x00000000ec400000, 0x00000000ec500000|  0%| F|  |TAMS 0x00000000ec400000, 0x00000000ec400000| Untracked 
| 197|0x00000000ec500000, 0x00000000ec500000, 0x00000000ec600000|  0%| F|  |TAMS 0x00000000ec500000, 0x00000000ec500000| Untracked 
| 198|0x00000000ec600000, 0x00000000ec600000, 0x00000000ec700000|  0%| F|  |TAMS 0x00000000ec600000, 0x00000000ec600000| Untracked 
| 199|0x00000000ec700000, 0x00000000ec700000, 0x00000000ec800000|  0%| F|  |TAMS 0x00000000ec700000, 0x00000000ec700000| Untracked 
| 200|0x00000000ec800000, 0x00000000ec800000, 0x00000000ec900000|  0%| F|  |TAMS 0x00000000ec800000, 0x00000000ec800000| Untracked 
| 201|0x00000000ec900000, 0x00000000ec900000, 0x00000000eca00000|  0%| F|  |TAMS 0x00000000ec900000, 0x00000000ec900000| Untracked 
| 202|0x00000000eca00000, 0x00000000eca00000, 0x00000000ecb00000|  0%| F|  |TAMS 0x00000000eca00000, 0x00000000eca00000| Untracked 
| 203|0x00000000ecb00000, 0x00000000ecb00000, 0x00000000ecc00000|  0%| F|  |TAMS 0x00000000ecb00000, 0x00000000ecb00000| Untracked 
| 204|0x00000000ecc00000, 0x00000000ecc00000, 0x00000000ecd00000|  0%| F|  |TAMS 0x00000000ecc00000, 0x00000000ecc00000| Untracked 
| 205|0x00000000ecd00000, 0x00000000ecd00000, 0x00000000ece00000|  0%| F|  |TAMS 0x00000000ecd00000, 0x00000000ecd00000| Untracked 
| 206|0x00000000ece00000, 0x00000000ece00000, 0x00000000ecf00000|  0%| F|  |TAMS 0x00000000ece00000, 0x00000000ece00000| Untracked 
| 207|0x00000000ecf00000, 0x00000000ecf00000, 0x00000000ed000000|  0%| F|  |TAMS 0x00000000ecf00000, 0x00000000ecf00000| Untracked 
| 208|0x00000000ed000000, 0x00000000ed000000, 0x00000000ed100000|  0%| F|  |TAMS 0x00000000ed000000, 0x00000000ed000000| Untracked 
| 209|0x00000000ed100000, 0x00000000ed100000, 0x00000000ed200000|  0%| F|  |TAMS 0x00000000ed100000, 0x00000000ed100000| Untracked 
| 210|0x00000000ed200000, 0x00000000ed200000, 0x00000000ed300000|  0%| F|  |TAMS 0x00000000ed200000, 0x00000000ed200000| Untracked 
| 211|0x00000000ed300000, 0x00000000ed300000, 0x00000000ed400000|  0%| F|  |TAMS 0x00000000ed300000, 0x00000000ed300000| Untracked 
| 212|0x00000000ed400000, 0x00000000ed400000, 0x00000000ed500000|  0%| F|  |TAMS 0x00000000ed400000, 0x00000000ed400000| Untracked 
| 213|0x00000000ed500000, 0x00000000ed500000, 0x00000000ed600000|  0%| F|  |TAMS 0x00000000ed500000, 0x00000000ed500000| Untracked 
| 214|0x00000000ed600000, 0x00000000ed600000, 0x00000000ed700000|  0%| F|  |TAMS 0x00000000ed600000, 0x00000000ed600000| Untracked 
| 215|0x00000000ed700000, 0x00000000ed700000, 0x00000000ed800000|  0%| F|  |TAMS 0x00000000ed700000, 0x00000000ed700000| Untracked 
| 216|0x00000000ed800000, 0x00000000ed800000, 0x00000000ed900000|  0%| F|  |TAMS 0x00000000ed800000, 0x00000000ed800000| Untracked 
| 217|0x00000000ed900000, 0x00000000ed900000, 0x00000000eda00000|  0%| F|  |TAMS 0x00000000ed900000, 0x00000000ed900000| Untracked 
| 218|0x00000000eda00000, 0x00000000eda00000, 0x00000000edb00000|  0%| F|  |TAMS 0x00000000eda00000, 0x00000000eda00000| Untracked 
| 219|0x00000000edb00000, 0x00000000edb00000, 0x00000000edc00000|  0%| F|  |TAMS 0x00000000edb00000, 0x00000000edb00000| Untracked 
| 220|0x00000000edc00000, 0x00000000edc00000, 0x00000000edd00000|  0%| F|  |TAMS 0x00000000edc00000, 0x00000000edc00000| Untracked 
| 221|0x00000000edd00000, 0x00000000edd00000, 0x00000000ede00000|  0%| F|  |TAMS 0x00000000edd00000, 0x00000000edd00000| Untracked 
| 222|0x00000000ede00000, 0x00000000ede00000, 0x00000000edf00000|  0%| F|  |TAMS 0x00000000ede00000, 0x00000000ede00000| Untracked 
| 223|0x00000000edf00000, 0x00000000edf00000, 0x00000000ee000000|  0%| F|  |TAMS 0x00000000edf00000, 0x00000000edf00000| Untracked 
| 224|0x00000000ee000000, 0x00000000ee000000, 0x00000000ee100000|  0%| F|  |TAMS 0x00000000ee000000, 0x00000000ee000000| Untracked 
| 225|0x00000000ee100000, 0x00000000ee100000, 0x00000000ee200000|  0%| F|  |TAMS 0x00000000ee100000, 0x00000000ee100000| Untracked 
| 226|0x00000000ee200000, 0x00000000ee200000, 0x00000000ee300000|  0%| F|  |TAMS 0x00000000ee200000, 0x00000000ee200000| Untracked 
| 227|0x00000000ee300000, 0x00000000ee300000, 0x00000000ee400000|  0%| F|  |TAMS 0x00000000ee300000, 0x00000000ee300000| Untracked 
| 228|0x00000000ee400000, 0x00000000ee400000, 0x00000000ee500000|  0%| F|  |TAMS 0x00000000ee400000, 0x00000000ee400000| Untracked 
| 229|0x00000000ee500000, 0x00000000ee500000, 0x00000000ee600000|  0%| F|  |TAMS 0x00000000ee500000, 0x00000000ee500000| Untracked 
| 230|0x00000000ee600000, 0x00000000ee600000, 0x00000000ee700000|  0%| F|  |TAMS 0x00000000ee600000, 0x00000000ee600000| Untracked 
| 231|0x00000000ee700000, 0x00000000ee700000, 0x00000000ee800000|  0%| F|  |TAMS 0x00000000ee700000, 0x00000000ee700000| Untracked 
| 232|0x00000000ee800000, 0x00000000ee800000, 0x00000000ee900000|  0%| F|  |TAMS 0x00000000ee800000, 0x00000000ee800000| Untracked 
| 233|0x00000000ee900000, 0x00000000ee900000, 0x00000000eea00000|  0%| F|  |TAMS 0x00000000ee900000, 0x00000000ee900000| Untracked 
| 234|0x00000000eea00000, 0x00000000eea00000, 0x00000000eeb00000|  0%| F|  |TAMS 0x00000000eea00000, 0x00000000eea00000| Untracked 
| 235|0x00000000eeb00000, 0x00000000eeb00000, 0x00000000eec00000|  0%| F|  |TAMS 0x00000000eeb00000, 0x00000000eeb00000| Untracked 
| 236|0x00000000eec00000, 0x00000000eec00000, 0x00000000eed00000|  0%| F|  |TAMS 0x00000000eec00000, 0x00000000eec00000| Untracked 
| 237|0x00000000eed00000, 0x00000000eed00000, 0x00000000eee00000|  0%| F|  |TAMS 0x00000000eed00000, 0x00000000eed00000| Untracked 
| 238|0x00000000eee00000, 0x00000000eee00000, 0x00000000eef00000|  0%| F|  |TAMS 0x00000000eee00000, 0x00000000eee00000| Untracked 
| 239|0x00000000eef00000, 0x00000000eef00000, 0x00000000ef000000|  0%| F|  |TAMS 0x00000000eef00000, 0x00000000eef00000| Untracked 
| 240|0x00000000ef000000, 0x00000000ef000000, 0x00000000ef100000|  0%| F|  |TAMS 0x00000000ef000000, 0x00000000ef000000| Untracked 
| 241|0x00000000ef100000, 0x00000000ef100000, 0x00000000ef200000|  0%| F|  |TAMS 0x00000000ef100000, 0x00000000ef100000| Untracked 
| 242|0x00000000ef200000, 0x00000000ef2775b0, 0x00000000ef300000| 46%| S|  |TAMS 0x00000000ef200000, 0x00000000ef200000| Complete 
| 243|0x00000000ef300000, 0x00000000ef400000, 0x00000000ef400000|100%| S|  |TAMS 0x00000000ef300000, 0x00000000ef300000| Complete 
| 244|0x00000000ef400000, 0x00000000ef500000, 0x00000000ef500000|100%| E|CS|TAMS 0x00000000ef400000, 0x00000000ef400000| Complete 
| 245|0x00000000ef500000, 0x00000000ef600000, 0x00000000ef600000|100%| E|CS|TAMS 0x00000000ef500000, 0x00000000ef500000| Complete 
| 246|0x00000000ef600000, 0x00000000ef700000, 0x00000000ef700000|100%| E|CS|TAMS 0x00000000ef600000, 0x00000000ef600000| Complete 
| 247|0x00000000ef700000, 0x00000000ef800000, 0x00000000ef800000|100%| E|CS|TAMS 0x00000000ef700000, 0x00000000ef700000| Complete 
| 248|0x00000000ef800000, 0x00000000ef900000, 0x00000000ef900000|100%| E|CS|TAMS 0x00000000ef800000, 0x00000000ef800000| Complete 
| 249|0x00000000ef900000, 0x00000000efa00000, 0x00000000efa00000|100%| E|CS|TAMS 0x00000000ef900000, 0x00000000ef900000| Complete 
| 250|0x00000000efa00000, 0x00000000efb00000, 0x00000000efb00000|100%| E|CS|TAMS 0x00000000efa00000, 0x00000000efa00000| Complete 
| 251|0x00000000efb00000, 0x00000000efc00000, 0x00000000efc00000|100%| E|CS|TAMS 0x00000000efb00000, 0x00000000efb00000| Complete 
| 252|0x00000000efc00000, 0x00000000efd00000, 0x00000000efd00000|100%| E|CS|TAMS 0x00000000efc00000, 0x00000000efc00000| Complete 
| 253|0x00000000efd00000, 0x00000000efe00000, 0x00000000efe00000|100%| E|CS|TAMS 0x00000000efd00000, 0x00000000efd00000| Complete 
| 254|0x00000000efe00000, 0x00000000eff00000, 0x00000000eff00000|100%| E|CS|TAMS 0x00000000efe00000, 0x00000000efe00000| Complete 
| 255|0x00000000eff00000, 0x00000000f0000000, 0x00000000f0000000|100%| E|CS|TAMS 0x00000000eff00000, 0x00000000eff00000| Complete 

Card table byte_map: [0x0000016c8f630000,0x0000016c8f730000] _byte_map_base: 0x0000016c8ef30000

Marking Bits (Prev, Next): (CMBitMap*) 0x0000016cf7782d10, (CMBitMap*) 0x0000016cf7782cd8
 Prev Bits: [0x0000016c90030000, 0x0000016c90830000)
 Next Bits: [0x0000016c8f830000, 0x0000016c90030000)

Polling page: 0x0000016cf5d80000

Metaspace:

Usage:
  Non-class:     71.73 MB capacity,    69.53 MB ( 97%) used,     1.87 MB (  3%) free+waste,   344.63 KB ( <1%) overhead. 
      Class:     10.65 MB capacity,     9.47 MB ( 89%) used,     1.03 MB ( 10%) free+waste,   153.88 KB (  1%) overhead. 
       Both:     82.38 MB capacity,    79.00 MB ( 96%) used,     2.90 MB (  4%) free+waste,   498.50 KB ( <1%) overhead. 

Virtual space:
  Non-class space:       98.00 MB reserved,      96.88 MB ( 99%) committed 
      Class space:      248.00 MB reserved,      14.07 MB (  6%) committed 
             Both:      346.00 MB reserved,     110.95 MB ( 32%) committed 

Chunk freelists:
   Non-Class:  24.96 MB
       Class:  3.35 MB
        Both:  28.31 MB

MaxMetaspaceSize: 256.00 MB
CompressedClassSpaceSize: 248.00 MB
Initial GC threshold: 20.80 MB
Current GC threshold: 184.92 MB
CDS: off

CodeHeap 'non-profiled nmethods': size=120064Kb used=15786Kb max_used=15786Kb free=104277Kb
 bounds [0x0000016c87ac0000, 0x0000016c88a30000, 0x0000016c8f000000]
CodeHeap 'profiled nmethods': size=120000Kb used=45696Kb max_used=47344Kb free=74303Kb
 bounds [0x0000016c80590000, 0x0000016c833e0000, 0x0000016c87ac0000]
CodeHeap 'non-nmethods': size=5696Kb used=2333Kb max_used=2401Kb free=3362Kb
 bounds [0x0000016c80000000, 0x0000016c80270000, 0x0000016c80590000]
 total_blobs=19368 nmethods=18516 adapters=764
 compilation: enabled
              stopped_count=0, restarted_count=0
 full_count=0

Compilation events (20 events):
Event: 2658.671 Thread 0x0000016c92e5d800 nmethod 20999 0x0000016c88a25310 code [0x0000016c88a254c0, 0x0000016c88a255c8]
Event: 2658.754 Thread 0x0000016c92e5d800 21000       4       java.security.MessageDigest$Delegate::clone (60 bytes)
Event: 2658.765 Thread 0x0000016c92e5d800 nmethod 21000 0x0000016c88a25710 code [0x0000016c88a258e0, 0x0000016c88a260d8]
Event: 2658.780 Thread 0x0000016c92e5d800 21001       4       org.gradle.api.internal.artifacts.ivyservice.resolveengine.result.FileDependencyCollectingGraphVisitor::finishArtifacts (1 bytes)
Event: 2658.781 Thread 0x0000016c92e5d800 nmethod 21001 0x0000016c88a26390 code [0x0000016c88a26520, 0x0000016c88a26578]
Event: 2658.823 Thread 0x0000016c92e5d800 21002       4       org.gradle.api.internal.attributes.DefaultImmutableAttributesFactory::mutable (9 bytes)
Event: 2658.826 Thread 0x0000016c92e5d800 nmethod 21002 0x0000016c88a26690 code [0x0000016c88a26840, 0x0000016c88a26b78]
Event: 2658.832 Thread 0x0000016c92e5d800 21003       4       org.gradle.api.internal.artifacts.ivyservice.resolveengine.graph.builder.ModuleResolveState::addUnattachedDependency (16 bytes)
Event: 2658.839 Thread 0x0000016c92e5d800 nmethod 21003 0x0000016c88a26c10 code [0x0000016c88a26dc0, 0x0000016c88a27358]
Event: 2658.840 Thread 0x0000016c92e5d800 21004       4       org.gradle.api.internal.artifacts.ivyservice.DefaultArtifactCaches$LateInitWritableArtifactCacheLockingManager::useCache (9 bytes)
Event: 2658.842 Thread 0x0000016c92e5d800 nmethod 21004 0x0000016c88a27490 code [0x0000016c88a27640, 0x0000016c88a27778]
Event: 2658.844 Thread 0x0000016c92e5d800 21005       4       org.gradle.api.internal.artifacts.ivyservice.resolveengine.graph.builder.EdgeState::<init> (90 bytes)
Event: 2658.855 Thread 0x0000016c92e5d800 nmethod 21005 0x0000016c88a27990 code [0x0000016c88a27b60, 0x0000016c88a28288]
Event: 2658.855 Thread 0x0000016c92e5d800 21007       4       org.gradle.api.internal.artifacts.ivyservice.resolveengine.graph.builder.NodeState$$Lambda$474/0x00000001005d2440::apply (16 bytes)
Event: 2658.863 Thread 0x0000016c92e61800 21010       1       org.gradle.api.internal.artifacts.ivyservice.resolveengine.excludes.factories.NormalizingExcludeFactory$FlattenOperationResult::access$100 (5 bytes)
Event: 2658.863 Thread 0x0000016c92e61800 nmethod 21010 0x0000016c88a28590 code [0x0000016c88a28740, 0x0000016c88a287d8]
Event: 2658.869 Thread 0x0000016c92e5d800 nmethod 21007 0x0000016c88a28890 code [0x0000016c88a28a60, 0x0000016c88a29368]
Event: 2658.869 Thread 0x0000016c92e5d800 21009       4       org.gradle.api.internal.artifacts.ivyservice.resolveengine.graph.builder.EdgeState::attachToTargetConfigurations (123 bytes)
Event: 2658.895 Thread 0x0000016c92e5d800 nmethod 21009 0x0000016c88a29710 code [0x0000016c88a29900, 0x0000016c88a2a298]
Event: 2658.895 Thread 0x0000016c92e5d800 21006       4       org.gradle.api.internal.artifacts.ivyservice.resolveengine.graph.builder.NodeState::createAndLinkEdgeState (64 bytes)

GC Heap History (20 events):
Event: 1874.529 GC heap after
{Heap after GC invocations=41 (full 0):
 garbage-first heap   total 262144K, used 104697K [0x00000000e0000000, 0x0000000100000000)
  region size 1024K, 15 young (15360K), 15 survivors (15360K)
 Metaspace       used 100997K, capacity 105956K, committed 106064K, reserved 348160K
  class space    used 12060K, capacity 13472K, committed 13516K, reserved 253952K
}
Event: 1881.446 GC heap before
{Heap before GC invocations=41 (full 0):
 garbage-first heap   total 262144K, used 207097K [0x00000000e0000000, 0x0000000100000000)
  region size 1024K, 116 young (118784K), 15 survivors (15360K)
 Metaspace       used 101225K, capacity 106183K, committed 106320K, reserved 348160K
  class space    used 12070K, capacity 13504K, committed 13516K, reserved 253952K
}
Event: 1881.465 GC heap after
{Heap after GC invocations=42 (full 0):
 garbage-first heap   total 262144K, used 103206K [0x00000000e0000000, 0x0000000100000000)
  region size 1024K, 7 young (7168K), 7 survivors (7168K)
 Metaspace       used 101225K, capacity 106183K, committed 106320K, reserved 348160K
  class space    used 12070K, capacity 13504K, committed 13516K, reserved 253952K
}
Event: 1895.643 GC heap before
{Heap before GC invocations=42 (full 0):
 garbage-first heap   total 262144K, used 207654K [0x00000000e0000000, 0x0000000100000000)
  region size 1024K, 110 young (112640K), 7 survivors (7168K)
 Metaspace       used 102939K, capacity 107960K, committed 108112K, reserved 350208K
  class space    used 12264K, capacity 13710K, committed 13772K, reserved 253952K
}
Event: 1895.652 GC heap after
{Heap after GC invocations=43 (full 0):
 garbage-first heap   total 262144K, used 102064K [0x00000000e0000000, 0x0000000100000000)
  region size 1024K, 6 young (6144K), 6 survivors (6144K)
 Metaspace       used 102939K, capacity 107960K, committed 108112K, reserved 350208K
  class space    used 12264K, capacity 13710K, committed 13772K, reserved 253952K
}
Event: 1897.807 GC heap before
{Heap before GC invocations=43 (full 0):
 garbage-first heap   total 262144K, used 209584K [0x00000000e0000000, 0x0000000100000000)
  region size 1024K, 112 young (114688K), 6 survivors (6144K)
 Metaspace       used 103397K, capacity 108540K, committed 108624K, reserved 350208K
  class space    used 12303K, capacity 13754K, committed 13772K, reserved 253952K
}
Event: 1897.829 GC heap after
{Heap after GC invocations=44 (full 0):
 garbage-first heap   total 262144K, used 111281K [0x00000000e0000000, 0x0000000100000000)
  region size 1024K, 14 young (14336K), 14 survivors (14336K)
 Metaspace       used 103397K, capacity 108540K, committed 108624K, reserved 350208K
  class space    used 12303K, capacity 13754K, committed 13772K, reserved 253952K
}
Event: 1903.499 GC heap before
{Heap before GC invocations=44 (full 0):
 garbage-first heap   total 262144K, used 208561K [0x00000000e0000000, 0x0000000100000000)
  region size 1024K, 110 young (112640K), 14 survivors (14336K)
 Metaspace       used 104717K, capacity 109868K, committed 110160K, reserved 350208K
  class space    used 12459K, capacity 13916K, committed 14028K, reserved 253952K
}
Event: 1903.519 GC heap after
{Heap after GC invocations=45 (full 0):
 garbage-first heap   total 262144K, used 114514K [0x00000000e0000000, 0x0000000100000000)
  region size 1024K, 6 young (6144K), 6 survivors (6144K)
 Metaspace       used 104717K, capacity 109868K, committed 110160K, reserved 350208K
  class space    used 12459K, capacity 13916K, committed 14028K, reserved 253952K
}
Event: 1907.197 GC heap before
{Heap before GC invocations=45 (full 0):
 garbage-first heap   total 262144K, used 210770K [0x00000000e0000000, 0x0000000100000000)
  region size 1024K, 101 young (103424K), 6 survivors (6144K)
 Metaspace       used 106251K, capacity 111512K, committed 111568K, reserved 352256K
  class space    used 12637K, capacity 14121K, committed 14156K, reserved 253952K
}
Event: 1907.213 GC heap after
{Heap after GC invocations=46 (full 0):
 garbage-first heap   total 262144K, used 123587K [0x00000000e0000000, 0x0000000100000000)
  region size 1024K, 13 young (13312K), 13 survivors (13312K)
 Metaspace       used 106251K, capacity 111512K, committed 111568K, reserved 352256K
  class space    used 12637K, capacity 14121K, committed 14156K, reserved 253952K
}
Event: 1929.846 GC heap before
{Heap before GC invocations=46 (full 0):
 garbage-first heap   total 262144K, used 209603K [0x00000000e0000000, 0x0000000100000000)
  region size 1024K, 98 young (100352K), 13 survivors (13312K)
 Metaspace       used 106460K, capacity 111711K, committed 111824K, reserved 352256K
  class space    used 12653K, capacity 14122K, committed 14156K, reserved 253952K
}
Event: 1929.866 GC heap after
{Heap after GC invocations=47 (full 0):
 garbage-first heap   total 262144K, used 127623K [0x00000000e0000000, 0x0000000100000000)
  region size 1024K, 7 young (7168K), 7 survivors (7168K)
 Metaspace       used 106460K, capacity 111711K, committed 111824K, reserved 352256K
  class space    used 12653K, capacity 14122K, committed 14156K, reserved 253952K
}
Event: 1935.536 GC heap before
{Heap before GC invocations=47 (full 0):
 garbage-first heap   total 262144K, used 210567K [0x00000000e0000000, 0x0000000100000000)
  region size 1024K, 89 young (91136K), 7 survivors (7168K)
 Metaspace       used 107827K, capacity 113134K, committed 113360K, reserved 354304K
  class space    used 12805K, capacity 14295K, committed 14412K, reserved 253952K
}
Event: 1935.571 GC heap after
{Heap after GC invocations=48 (full 0):
 garbage-first heap   total 262144K, used 135912K [0x00000000e0000000, 0x0000000100000000)
  region size 1024K, 12 young (12288K), 12 survivors (12288K)
 Metaspace       used 107827K, capacity 113134K, committed 113360K, reserved 354304K
  class space    used 12805K, capacity 14295K, committed 14412K, reserved 253952K
}
Event: 2658.698 GC heap before
{Heap before GC invocations=49 (full 0):
 garbage-first heap   total 262144K, used 207592K [0x00000000e0000000, 0x0000000100000000)
  region size 1024K, 86 young (88064K), 12 survivors (12288K)
 Metaspace       used 80891K, capacity 84355K, committed 113616K, reserved 354304K
  class space    used 9697K, capacity 10903K, committed 14412K, reserved 253952K
}
Event: 2658.716 GC heap after
{Heap after GC invocations=50 (full 0):
 garbage-first heap   total 262144K, used 134044K [0x00000000e0000000, 0x0000000100000000)
  region size 1024K, 5 young (5120K), 5 survivors (5120K)
 Metaspace       used 80891K, capacity 84355K, committed 113616K, reserved 354304K
  class space    used 9697K, capacity 10903K, committed 14412K, reserved 253952K
}
Event: 2658.801 GC heap before
{Heap before GC invocations=50 (full 0):
 garbage-first heap   total 262144K, used 141212K [0x00000000e0000000, 0x0000000100000000)
  region size 1024K, 12 young (12288K), 5 survivors (5120K)
 Metaspace       used 80891K, capacity 84355K, committed 113616K, reserved 354304K
  class space    used 9697K, capacity 10903K, committed 14412K, reserved 253952K
}
Event: 2658.813 GC heap after
{Heap after GC invocations=51 (full 0):
 garbage-first heap   total 262144K, used 108544K [0x00000000e0000000, 0x0000000100000000)
  region size 1024K, 1 young (1024K), 1 survivors (1024K)
 Metaspace       used 80891K, capacity 84355K, committed 113616K, reserved 354304K
  class space    used 9697K, capacity 10903K, committed 14412K, reserved 253952K
}
Event: 2658.935 GC heap before
{Heap before GC invocations=51 (full 0):
 garbage-first heap   total 262144K, used 118784K [0x00000000e0000000, 0x0000000100000000)
  region size 1024K, 12 young (12288K), 1 survivors (1024K)
 Metaspace       used 80891K, capacity 84355K, committed 113616K, reserved 354304K
  class space    used 9697K, capacity 10903K, committed 14412K, reserved 253952K
}

Deoptimization events (20 events):
Event: 1901.880 Thread 0x0000016c9ac19800 Uncommon trap: trap_request=0xffffffde fr.pc=0x0000016c888e6a78 relative=0x0000000000000518
Event: 1901.880 Thread 0x0000016c9ac19800 Uncommon trap: reason=class_check action=maybe_recompile pc=0x0000016c888e6a78 method=java.util.TreeSet.iterator()Ljava/util/Iterator; @ 4 c2
Event: 1901.880 Thread 0x0000016c9ac19800 DEOPT PACKING pc=0x0000016c888e6a78 sp=0x00000067c37fb280
Event: 1901.880 Thread 0x0000016c9ac19800 DEOPT UNPACKING pc=0x0000016c8004a1a9 sp=0x00000067c37fb238 mode 2
Event: 1901.880 Thread 0x0000016c9ac19800 Uncommon trap: trap_request=0xffffffde fr.pc=0x0000016c888e6a78 relative=0x0000000000000518
Event: 1901.880 Thread 0x0000016c9ac19800 Uncommon trap: reason=class_check action=maybe_recompile pc=0x0000016c888e6a78 method=java.util.TreeSet.iterator()Ljava/util/Iterator; @ 4 c2
Event: 1901.880 Thread 0x0000016c9ac19800 DEOPT PACKING pc=0x0000016c888e6a78 sp=0x00000067c37fb280
Event: 1901.880 Thread 0x0000016c9ac19800 DEOPT UNPACKING pc=0x0000016c8004a1a9 sp=0x00000067c37fb238 mode 2
Event: 1903.283 Thread 0x0000016c9ac16000 Uncommon trap: trap_request=0xffffff4d fr.pc=0x0000016c8892919c relative=0x0000000000000c7c
Event: 1903.283 Thread 0x0000016c9ac16000 Uncommon trap: reason=unstable_if action=reinterpret pc=0x0000016c8892919c method=java.util.HashMap.computeIfAbsent(Ljava/lang/Object;Ljava/util/function/Function;)Ljava/lang/Object; @ 145 c2
Event: 1903.283 Thread 0x0000016c9ac16000 DEOPT PACKING pc=0x0000016c8892919c sp=0x00000067c68f8e00
Event: 1903.283 Thread 0x0000016c9ac16000 DEOPT UNPACKING pc=0x0000016c8004a1a9 sp=0x00000067c68f8db8 mode 2
Event: 1933.162 Thread 0x0000016c99e4b800 Uncommon trap: trap_request=0xffffffbe fr.pc=0x0000016c889d3be4 relative=0x0000000000004cc4
Event: 1933.162 Thread 0x0000016c99e4b800 Uncommon trap: reason=profile_predicate action=maybe_recompile pc=0x0000016c889d3be4 method=com.sun.tools.javac.comp.Modules.initVisiblePackages(Lcom/sun/tools/javac/code/Symbol$ModuleSymbol;Ljava/util/Collection;)V @ 50 c2
Event: 1933.162 Thread 0x0000016c99e4b800 DEOPT PACKING pc=0x0000016c889d3be4 sp=0x00000067c6bf8570
Event: 1933.162 Thread 0x0000016c99e4b800 DEOPT UNPACKING pc=0x0000016c8004a1a9 sp=0x00000067c6bf84f8 mode 2
Event: 1933.162 Thread 0x0000016c99e4b800 Uncommon trap: trap_request=0xffffffbe fr.pc=0x0000016c889d3be4 relative=0x0000000000004cc4
Event: 1933.162 Thread 0x0000016c99e4b800 Uncommon trap: reason=profile_predicate action=maybe_recompile pc=0x0000016c889d3be4 method=com.sun.tools.javac.comp.Modules.initVisiblePackages(Lcom/sun/tools/javac/code/Symbol$ModuleSymbol;Ljava/util/Collection;)V @ 50 c2
Event: 1933.162 Thread 0x0000016c99e4b800 DEOPT PACKING pc=0x0000016c889d3be4 sp=0x00000067c6bf8570
Event: 1933.162 Thread 0x0000016c99e4b800 DEOPT UNPACKING pc=0x0000016c8004a1a9 sp=0x00000067c6bf84f8 mode 2

Classes redefined (0 events):
No events

Internal exceptions (20 events):
Event: 1938.573 Thread 0x0000016c99e4b800 Exception <a 'sun/nio/fs/WindowsException'{0x00000000ee36e968}> (0x00000000ee36e968) thrown at [./src/hotspot/share/prims/jni.cpp, line 616]
Event: 1938.573 Thread 0x0000016c99e4b800 Exception <a 'sun/nio/fs/WindowsException'{0x00000000ee36fe48}> (0x00000000ee36fe48) thrown at [./src/hotspot/share/prims/jni.cpp, line 616]
Event: 1938.698 Thread 0x0000016c99e4b800 Exception <a 'sun/nio/fs/WindowsException'{0x00000000ee390ac8}> (0x00000000ee390ac8) thrown at [./src/hotspot/share/prims/jni.cpp, line 616]
Event: 1938.698 Thread 0x0000016c99e4b800 Exception <a 'sun/nio/fs/WindowsException'{0x00000000ee391f08}> (0x00000000ee391f08) thrown at [./src/hotspot/share/prims/jni.cpp, line 616]
Event: 1938.698 Thread 0x0000016c99e4b800 Exception <a 'sun/nio/fs/WindowsException'{0x00000000ee392ed0}> (0x00000000ee392ed0) thrown at [./src/hotspot/share/prims/jni.cpp, line 616]
Event: 1938.699 Thread 0x0000016c99e4b800 Exception <a 'sun/nio/fs/WindowsException'{0x00000000ee3943a8}> (0x00000000ee3943a8) thrown at [./src/hotspot/share/prims/jni.cpp, line 616]
Event: 1938.755 Thread 0x0000016c99e4b800 Exception <a 'sun/nio/fs/WindowsException'{0x00000000ee2dafe0}> (0x00000000ee2dafe0) thrown at [./src/hotspot/share/prims/jni.cpp, line 616]
Event: 1938.755 Thread 0x0000016c99e4b800 Exception <a 'sun/nio/fs/WindowsException'{0x00000000ee2dc420}> (0x00000000ee2dc420) thrown at [./src/hotspot/share/prims/jni.cpp, line 616]
Event: 1938.755 Thread 0x0000016c99e4b800 Exception <a 'sun/nio/fs/WindowsException'{0x00000000ee2dd518}> (0x00000000ee2dd518) thrown at [./src/hotspot/share/prims/jni.cpp, line 616]
Event: 1938.759 Thread 0x0000016c99e4b800 Exception <a 'sun/nio/fs/WindowsException'{0x00000000ee1066f0}> (0x00000000ee1066f0) thrown at [./src/hotspot/share/prims/jni.cpp, line 616]
Event: 1938.759 Thread 0x0000016c99e4b800 Exception <a 'sun/nio/fs/WindowsException'{0x00000000ee107b28}> (0x00000000ee107b28) thrown at [./src/hotspot/share/prims/jni.cpp, line 616]
Event: 1938.759 Thread 0x0000016c99e4b800 Exception <a 'sun/nio/fs/WindowsException'{0x00000000ee108ac8}> (0x00000000ee108ac8) thrown at [./src/hotspot/share/prims/jni.cpp, line 616]
Event: 1938.759 Thread 0x0000016c99e4b800 Exception <a 'sun/nio/fs/WindowsException'{0x00000000ee109fa8}> (0x00000000ee109fa8) thrown at [./src/hotspot/share/prims/jni.cpp, line 616]
Event: 1938.778 Thread 0x0000016c99e4b800 Exception <a 'sun/nio/fs/WindowsException'{0x00000000ee125d68}> (0x00000000ee125d68) thrown at [./src/hotspot/share/prims/jni.cpp, line 616]
Event: 1938.779 Thread 0x0000016c99e4b800 Exception <a 'sun/nio/fs/WindowsException'{0x00000000ee1271a0}> (0x00000000ee1271a0) thrown at [./src/hotspot/share/prims/jni.cpp, line 616]
Event: 1938.779 Thread 0x0000016c99e4b800 Exception <a 'sun/nio/fs/WindowsException'{0x00000000ee128120}> (0x00000000ee128120) thrown at [./src/hotspot/share/prims/jni.cpp, line 616]
Event: 1938.894 Thread 0x0000016c99e4b800 Exception <a 'sun/nio/fs/WindowsException'{0x00000000ee179b18}> (0x00000000ee179b18) thrown at [./src/hotspot/share/prims/jni.cpp, line 616]
Event: 1938.894 Thread 0x0000016c99e4b800 Exception <a 'sun/nio/fs/WindowsException'{0x00000000ee17af48}> (0x00000000ee17af48) thrown at [./src/hotspot/share/prims/jni.cpp, line 616]
Event: 1938.894 Thread 0x0000016c99e4b800 Exception <a 'sun/nio/fs/WindowsException'{0x00000000ee17beb0}> (0x00000000ee17beb0) thrown at [./src/hotspot/share/prims/jni.cpp, line 616]
Event: 2658.370 Thread 0x0000016c95df9800 Exception <a 'java/lang/NoClassDefFoundError'{0x00000000ec661aa0}: org/jetbrains/kotlin/gradle/plugin/KotlinPluginWrapper> (0x00000000ec661aa0) thrown at [./src/hotspot/share/oops/constantPool.cpp, line 775]

Events (20 events):
Event: 2658.508 Thread 0x0000016c9ac1b000 Thread added: 0x0000016c9ac1b000
Event: 2658.519 Thread 0x0000016c9ac17000 Thread added: 0x0000016c9ac17000
Event: 2658.523 Thread 0x0000016c9ac15000 Thread added: 0x0000016c9ac15000
Event: 2658.546 Thread 0x0000016c9ac1c000 Thread added: 0x0000016c9ac1c000
Event: 2658.609 Thread 0x0000016c9ac16000 Thread added: 0x0000016c9ac16000
Event: 2658.617 Thread 0x0000016c9ac1c800 Thread added: 0x0000016c9ac1c800
Event: 2658.622 Thread 0x0000016c9ac18800 Thread added: 0x0000016c9ac18800
Event: 2658.627 Thread 0x0000016c9ac1d800 Thread added: 0x0000016c9ac1d800
Event: 2658.632 Thread 0x0000016c9ac17800 Thread added: 0x0000016c9ac17800
Event: 2658.642 Thread 0x0000016c9ac1e000 Thread added: 0x0000016c9ac1e000
Event: 2658.661 Thread 0x0000016c9ac19800 Thread added: 0x0000016c9ac19800
Event: 2658.664 Thread 0x0000016c9ac1f000 Thread added: 0x0000016c9ac1f000
Event: 2658.667 Thread 0x0000016c9ac20000 Thread added: 0x0000016c9ac20000
Event: 2658.672 Thread 0x0000016c9ac1a000 Thread added: 0x0000016c9ac1a000
Event: 2658.679 Thread 0x0000016c9ac20800 Thread added: 0x0000016c9ac20800
Event: 2658.698 Executing VM operation: G1CollectForAllocation
Event: 2658.716 Executing VM operation: G1CollectForAllocation done
Event: 2658.801 Executing VM operation: G1CollectForAllocation
Event: 2658.813 Executing VM operation: G1CollectForAllocation done
Event: 2658.934 Executing VM operation: G1CollectForAllocation


Dynamic libraries:
0x00007ff66ebe0000 - 0x00007ff66ebed000 	C:\Users\bruno\.jdks\corretto-11.0.13\bin\java.exe
0x00007ffa41950000 - 0x00007ffa41b45000 	C:\Windows\SYSTEM32\ntdll.dll
0x00007ffa3fce0000 - 0x00007ffa3fd9e000 	C:\Windows\System32\KERNEL32.DLL
0x00007ffa3f320000 - 0x00007ffa3f5e8000 	C:\Windows\System32\KERNELBASE.dll
0x00007ffa3f810000 - 0x00007ffa3f910000 	C:\Windows\System32\ucrtbase.dll
0x00007ffa3ab80000 - 0x00007ffa3ab99000 	C:\Users\bruno\.jdks\corretto-11.0.13\bin\VCRUNTIME140.dll
0x00007ffa3aba0000 - 0x00007ffa3abb7000 	C:\Users\bruno\.jdks\corretto-11.0.13\bin\jli.dll
0x00007ffa40ab0000 - 0x00007ffa40c50000 	C:\Windows\System32\USER32.dll
0x00007ffa298d0000 - 0x00007ffa29b6a000 	C:\Windows\WinSxS\amd64_microsoft.windows.common-controls_6595b64144ccf1df_6.0.19041.1110_none_60b5254171f9507e\COMCTL32.dll
0x00007ffa3f7b0000 - 0x00007ffa3f7d2000 	C:\Windows\System32\win32u.dll
0x00007ffa40180000 - 0x00007ffa401ab000 	C:\Windows\System32\GDI32.dll
0x00007ffa40a10000 - 0x00007ffa40aae000 	C:\Windows\System32\msvcrt.dll
0x00007ffa3f5f0000 - 0x00007ffa3f6fb000 	C:\Windows\System32\gdi32full.dll
0x00007ffa3f910000 - 0x00007ffa3f9ad000 	C:\Windows\System32\msvcp_win.dll
0x00007ffa40300000 - 0x00007ffa40330000 	C:\Windows\System32\IMM32.DLL
0x00007ffa25070000 - 0x00007ffa2510b000 	C:\Users\bruno\.jdks\corretto-11.0.13\bin\msvcp140.dll
0x00007ff9dfd10000 - 0x00007ff9e088f000 	C:\Users\bruno\.jdks\corretto-11.0.13\bin\server\jvm.dll
0x00007ffa413a0000 - 0x00007ffa4144e000 	C:\Windows\System32\ADVAPI32.dll
0x00007ffa3fe20000 - 0x00007ffa3febc000 	C:\Windows\System32\sechost.dll
0x00007ffa41460000 - 0x00007ffa41585000 	C:\Windows\System32\RPCRT4.dll
0x00007ffa41450000 - 0x00007ffa41458000 	C:\Windows\System32\PSAPI.DLL
0x00007ff9f9080000 - 0x00007ff9f9089000 	C:\Windows\SYSTEM32\WSOCK32.dll
0x00007ffa33e10000 - 0x00007ffa33e37000 	C:\Windows\SYSTEM32\WINMM.dll
0x00007ffa33e00000 - 0x00007ffa33e0a000 	C:\Windows\SYSTEM32\VERSION.dll
0x00007ffa3fec0000 - 0x00007ffa3ff2b000 	C:\Windows\System32\WS2_32.dll
0x00007ffa3cfa0000 - 0x00007ffa3cfb2000 	C:\Windows\SYSTEM32\kernel.appcore.dll
0x00007ffa3ab70000 - 0x00007ffa3ab80000 	C:\Users\bruno\.jdks\corretto-11.0.13\bin\verify.dll
0x00007ffa363f0000 - 0x00007ffa365d4000 	C:\Windows\SYSTEM32\DBGHELP.DLL
0x00007ffa2a0c0000 - 0x00007ffa2a0ec000 	C:\Windows\SYSTEM32\dbgcore.DLL
0x00007ffa3f290000 - 0x00007ffa3f312000 	C:\Windows\System32\bcryptPrimitives.dll
0x00007ffa38960000 - 0x00007ffa38988000 	C:\Users\bruno\.jdks\corretto-11.0.13\bin\java.dll
0x00007ffa3ab60000 - 0x00007ffa3ab6a000 	C:\Users\bruno\.jdks\corretto-11.0.13\bin\jimage.dll
0x00007ffa35760000 - 0x00007ffa35777000 	C:\Users\bruno\.jdks\corretto-11.0.13\bin\zip.dll
0x00007ffa40c50000 - 0x00007ffa41394000 	C:\Windows\System32\SHELL32.dll
0x00007ffa3d1a0000 - 0x00007ffa3d934000 	C:\Windows\SYSTEM32\windows.storage.dll
0x00007ffa415b0000 - 0x00007ffa41904000 	C:\Windows\System32\combase.dll
0x00007ffa3ead0000 - 0x00007ffa3eafc000 	C:\Windows\SYSTEM32\Wldp.dll
0x00007ffa3fa70000 - 0x00007ffa3fb1d000 	C:\Windows\System32\SHCORE.dll
0x00007ffa3f9b0000 - 0x00007ffa3fa05000 	C:\Windows\System32\shlwapi.dll
0x00007ffa3efb0000 - 0x00007ffa3efcf000 	C:\Windows\SYSTEM32\profapi.dll
0x00007ffa31ea0000 - 0x00007ffa31eb9000 	C:\Users\bruno\.jdks\corretto-11.0.13\bin\net.dll
0x00007ffa2efa0000 - 0x00007ffa2f0a9000 	C:\Windows\SYSTEM32\WINHTTP.dll
0x00007ffa3e7c0000 - 0x00007ffa3e82a000 	C:\Windows\system32\mswsock.dll
0x00007ffa2e400000 - 0x00007ffa2e412000 	C:\Users\bruno\.jdks\corretto-11.0.13\bin\nio.dll
0x00007ffa29390000 - 0x00007ffa293b7000 	C:\Users\bruno\.gradle\native\e1d6ef7f7dcc3fd88c89a11ec53ec762bb8ba0a96d01ffa2cd45eb1d1d8dd5c5\windows-amd64\native-platform.dll
0x00007ffa165e0000 - 0x00007ffa16724000 	C:\Users\bruno\.gradle\native\0d407fdbe67a94daf76414ababcb853783967236a71b16ec16e742cd7a986fd3\windows-amd64\native-platform-file-events.dll
0x00007ffa3ab50000 - 0x00007ffa3ab59000 	C:\Users\bruno\.jdks\corretto-11.0.13\bin\management.dll
0x00007ffa39b30000 - 0x00007ffa39b3b000 	C:\Users\bruno\.jdks\corretto-11.0.13\bin\management_ext.dll
0x00007ffa3e9c0000 - 0x00007ffa3e9d8000 	C:\Windows\SYSTEM32\CRYPTSP.dll
0x00007ffa3e0e0000 - 0x00007ffa3e114000 	C:\Windows\system32\rsaenh.dll
0x00007ffa3f7e0000 - 0x00007ffa3f807000 	C:\Windows\System32\bcrypt.dll
0x00007ffa3ef70000 - 0x00007ffa3ef9e000 	C:\Windows\SYSTEM32\USERENV.dll
0x00007ffa3e9b0000 - 0x00007ffa3e9bc000 	C:\Windows\SYSTEM32\CRYPTBASE.dll
0x00007ffa3e450000 - 0x00007ffa3e48b000 	C:\Windows\SYSTEM32\IPHLPAPI.DLL
0x00007ffa401b0000 - 0x00007ffa401b8000 	C:\Windows\System32\NSI.dll
0x00007ffa357d0000 - 0x00007ffa357e7000 	C:\Windows\SYSTEM32\dhcpcsvc6.DLL
0x00007ffa36170000 - 0x00007ffa3618d000 	C:\Windows\SYSTEM32\dhcpcsvc.DLL
0x00007ffa3e490000 - 0x00007ffa3e55a000 	C:\Windows\SYSTEM32\DNSAPI.dll

dbghelp: loaded successfully - version: 4.0.5 - missing functions: none
symbol engine: initialized successfully - sym options: 0x614 - pdb path: .;C:\Users\bruno\.jdks\corretto-11.0.13\bin;C:\Windows\SYSTEM32;C:\Windows\WinSxS\amd64_microsoft.windows.common-controls_6595b64144ccf1df_6.0.19041.1110_none_60b5254171f9507e;C:\Users\bruno\.jdks\corretto-11.0.13\bin\server;C:\Users\bruno\.gradle\native\e1d6ef7f7dcc3fd88c89a11ec53ec762bb8ba0a96d01ffa2cd45eb1d1d8dd5c5\windows-amd64;C:\Users\bruno\.gradle\native\0d407fdbe67a94daf76414ababcb853783967236a71b16ec16e742cd7a986fd3\windows-amd64

VM Arguments:
jvm_args: --add-opens=java.base/java.util=ALL-UNNAMED --add-opens=java.base/java.lang=ALL-UNNAMED --add-opens=java.base/java.lang.invoke=ALL-UNNAMED --add-opens=java.base/java.util=ALL-UNNAMED --add-opens=java.prefs/java.util.prefs=ALL-UNNAMED --add-opens=java.prefs/java.util.prefs=ALL-UNNAMED --add-opens=java.base/java.nio.charset=ALL-UNNAMED --add-opens=java.base/java.net=ALL-UNNAMED --add-opens=java.base/java.util.concurrent.atomic=ALL-UNNAMED -XX:MaxMetaspaceSize=256m -XX:+HeapDumpOnOutOfMemoryError -Xms256m -Xmx512m -Dfile.encoding=windows-1252 -Duser.country=BR -Duser.language=pt -Duser.variant 
java_command: org.gradle.launcher.daemon.bootstrap.GradleDaemon 7.4
java_class_path (initial): C:\Users\bruno\.gradle\wrapper\dists\gradle-7.4-bin\c0gwcg53nkjbqw7r0h0umtfvt\gradle-7.4\lib\gradle-launcher-7.4.jar
Launcher Type: SUN_STANDARD

[Global flags]
     intx CICompilerCount                          = 3                                         {product} {ergonomic}
   size_t CompressedClassSpaceSize                 = 260046848                                 {product} {ergonomic}
     uint ConcGCThreads                            = 1                                         {product} {ergonomic}
     uint G1ConcRefinementThreads                  = 4                                         {product} {ergonomic}
   size_t G1HeapRegionSize                         = 1048576                                   {product} {ergonomic}
    uintx GCDrainStackTargetSize                   = 64                                        {product} {ergonomic}
     bool HeapDumpOnOutOfMemoryError               = true                                   {manageable} {command line}
   size_t InitialHeapSize                          = 268435456                                 {product} {command line}
   size_t MarkStackSize                            = 4194304                                   {product} {ergonomic}
   size_t MaxHeapSize                              = 536870912                                 {product} {command line}
   size_t MaxMetaspaceSize                         = 268435456                                 {product} {command line}
   size_t MaxNewSize                               = 321912832                                 {product} {ergonomic}
   size_t MinHeapDeltaBytes                        = 1048576                                   {product} {ergonomic}
    uintx NonNMethodCodeHeapSize                   = 5830732                                {pd product} {ergonomic}
    uintx NonProfiledCodeHeapSize                  = 122913754                              {pd product} {ergonomic}
    uintx ProfiledCodeHeapSize                     = 122913754                              {pd product} {ergonomic}
    uintx ReservedCodeCacheSize                    = 251658240                              {pd product} {ergonomic}
     bool SegmentedCodeCache                       = true                                      {product} {ergonomic}
     bool UseCompressedClassPointers               = true                                 {lp64_product} {ergonomic}
     bool UseCompressedOops                        = true                                 {lp64_product} {ergonomic}
     bool UseG1GC                                  = true                                      {product} {ergonomic}
     bool UseLargePagesIndividualAllocation        = false                                  {pd product} {ergonomic}

Logging:
Log output configuration:
 #0: stdout all=warning uptime,level,tags
 #1: stderr all=off uptime,level,tags

Environment Variables:
PATH=C:\Python310\Scripts\;C:\Python310\;C:\Windows\system32;C:\Windows;C:\Windows\System32\Wbem;C:\Windows\System32\WindowsPowerShell\v1.0\;C:\Windows\System32\OpenSSH\;C:\Program Files\nodejs\;C:\ProgramData\chocolatey\bin;C:\Program Files\Git\cmd;C:\ProgramData\UNIVALI\Portugol Studio;C:\Maven\apache-maven-3.8.4\bin;C:\Users\bruno\.jdks\corretto-11.0.13\bin;C:\Gradle\gradle-7.3.3\bin;C:\Users\bruno\AppData\Local\Microsoft\WindowsApps;C:\Users\bruno\AppData\Roaming\npm;C:\Users\bruno\AppData\Local\Programs\Microsoft VS Code\bin;C:\Program Files\JetBrains\IntelliJ IDEA 2021.2.3\bin;;
USERNAME=bruno
OS=Windows_NT
PROCESSOR_IDENTIFIER=Intel64 Family 6 Model 30 Stepping 5, GenuineIntel



---------------  S Y S T E M  ---------------

OS: Windows 10 , 64 bit Build 19041 (10.0.19041.1566)
OS uptime: 0 days 10:33 hours

CPU:total 4 (initial active 4) (4 cores per cpu, 1 threads per core) family 6 model 30 stepping 5 microcode 0xa, cmov, cx8, fxsr, mmx, sse, sse2, sse3, ssse3, sse4.1, sse4.2, popcnt, tsc, tscinvbit

Memory: 4k page, system-wide physical 8125M (2229M free)
TotalPageFile size 12920M (AvailPageFile size 2467M)
current process WorkingSet (physical memory assigned to process): 516M, peak: 542M
current process commit charge ("private bytes"): 598M, peak: 602M

vm_info: OpenJDK 64-Bit Server VM (11.0.13+8-LTS) for windows-amd64 JRE (11.0.13+8-LTS), built on Oct 13 2021 21:32:06 by "Administrator" with unknown MS VC++:1916

END.
